{"/mnt/DATA/Polito/08 Software engineering I/05 Project/EzWh/code/server/classes/DAO.js": {"path":"/mnt/DATA/Polito/08 Software engineering I/05 Project/EzWh/code/server/classes/DAO.js","statementMap":{"0":{"start":{"line":1,"column":15},"end":{"line":1,"column":33}},"1":{"start":{"line":2,"column":14},"end":{"line":2,"column":30}},"2":{"start":{"line":3,"column":16},"end":{"line":3,"column":41}},"3":{"start":{"line":4,"column":25},"end":{"line":4,"column":59}},"4":{"start":{"line":5,"column":16},"end":{"line":5,"column":41}},"5":{"start":{"line":6,"column":20},"end":{"line":6,"column":49}},"6":{"start":{"line":7,"column":24},"end":{"line":7,"column":57}},"7":{"start":{"line":8,"column":23},"end":{"line":8,"column":55}},"8":{"start":{"line":9,"column":15},"end":{"line":9,"column":39}},"9":{"start":{"line":10,"column":19},"end":{"line":10,"column":47}},"10":{"start":{"line":11,"column":26},"end":{"line":11,"column":61}},"11":{"start":{"line":12,"column":22},"end":{"line":12,"column":53}},"12":{"start":{"line":13,"column":16},"end":{"line":13,"column":36}},"13":{"start":{"line":14,"column":20},"end":{"line":14,"column":44}},"14":{"start":{"line":17,"column":10},"end":{"line":17,"column":28}},"15":{"start":{"line":20,"column":2},"end":{"line":22,"column":5}},"16":{"start":{"line":21,"column":3},"end":{"line":21,"column":22}},"17":{"start":{"line":21,"column":12},"end":{"line":21,"column":22}},"18":{"start":{"line":23,"column":2},"end":{"line":23,"column":38}},"19":{"start":{"line":24,"column":2},"end":{"line":24,"column":56}},"20":{"start":{"line":25,"column":2},"end":{"line":25,"column":38}},"21":{"start":{"line":26,"column":2},"end":{"line":26,"column":46}},"22":{"start":{"line":27,"column":2},"end":{"line":27,"column":54}},"23":{"start":{"line":28,"column":2},"end":{"line":28,"column":52}},"24":{"start":{"line":29,"column":2},"end":{"line":29,"column":36}},"25":{"start":{"line":30,"column":2},"end":{"line":30,"column":44}},"26":{"start":{"line":31,"column":2},"end":{"line":31,"column":58}},"27":{"start":{"line":32,"column":2},"end":{"line":32,"column":50}},"28":{"start":{"line":36,"column":2},"end":{"line":36,"column":50}},"29":{"start":{"line":40,"column":2},"end":{"line":40,"column":56}},"30":{"start":{"line":44,"column":15},"end":{"line":44,"column":45}},"31":{"start":{"line":45,"column":2},"end":{"line":54,"column":3}},"32":{"start":{"line":46,"column":3},"end":{"line":53,"column":4}},"33":{"start":{"line":47,"column":19},"end":{"line":49,"column":5}},"34":{"start":{"line":50,"column":4},"end":{"line":52,"column":5}},"35":{"start":{"line":51,"column":5},"end":{"line":51,"column":36}},"36":{"start":{"line":55,"column":2},"end":{"line":55,"column":14}},"37":{"start":{"line":59,"column":14},"end":{"line":59,"column":46}},"38":{"start":{"line":60,"column":2},"end":{"line":66,"column":3}},"39":{"start":{"line":61,"column":18},"end":{"line":61,"column":75}},"40":{"start":{"line":62,"column":3},"end":{"line":64,"column":4}},"41":{"start":{"line":63,"column":4},"end":{"line":63,"column":35}},"42":{"start":{"line":65,"column":3},"end":{"line":65,"column":17}},"43":{"start":{"line":67,"column":2},"end":{"line":67,"column":13}},"44":{"start":{"line":71,"column":2},"end":{"line":71,"column":35}},"45":{"start":{"line":83,"column":14},"end":{"line":83,"column":49}},"46":{"start":{"line":84,"column":2},"end":{"line":86,"column":3}},"47":{"start":{"line":85,"column":3},"end":{"line":85,"column":14}},"48":{"start":{"line":87,"column":2},"end":{"line":103,"column":3}},"49":{"start":{"line":88,"column":15},"end":{"line":88,"column":68}},"50":{"start":{"line":89,"column":3},"end":{"line":102,"column":4}},"51":{"start":{"line":90,"column":4},"end":{"line":101,"column":5}},"52":{"start":{"line":94,"column":5},"end":{"line":98,"column":7}},"53":{"start":{"line":100,"column":5},"end":{"line":100,"column":16}},"54":{"start":{"line":104,"column":2},"end":{"line":112,"column":4}},"55":{"start":{"line":116,"column":14},"end":{"line":116,"column":49}},"56":{"start":{"line":117,"column":2},"end":{"line":119,"column":3}},"57":{"start":{"line":118,"column":3},"end":{"line":118,"column":14}},"58":{"start":{"line":120,"column":14},"end":{"line":120,"column":63}},"59":{"start":{"line":121,"column":2},"end":{"line":139,"column":3}},"60":{"start":{"line":122,"column":22},"end":{"line":122,"column":66}},"61":{"start":{"line":123,"column":22},"end":{"line":123,"column":66}},"62":{"start":{"line":124,"column":3},"end":{"line":136,"column":4}},"63":{"start":{"line":128,"column":4},"end":{"line":132,"column":6}},"64":{"start":{"line":133,"column":4},"end":{"line":133,"column":62}},"65":{"start":{"line":135,"column":4},"end":{"line":135,"column":15}},"66":{"start":{"line":138,"column":3},"end":{"line":138,"column":14}},"67":{"start":{"line":143,"column":2},"end":{"line":143,"column":37}},"68":{"start":{"line":147,"column":2},"end":{"line":147,"column":45}},"69":{"start":{"line":151,"column":2},"end":{"line":151,"column":70}},"70":{"start":{"line":155,"column":2},"end":{"line":155,"column":54}},"71":{"start":{"line":159,"column":14},"end":{"line":159,"column":62}},"72":{"start":{"line":160,"column":2},"end":{"line":162,"column":3}},"73":{"start":{"line":161,"column":3},"end":{"line":161,"column":14}},"74":{"start":{"line":163,"column":2},"end":{"line":163,"column":51}},"75":{"start":{"line":167,"column":18},"end":{"line":167,"column":65}},"76":{"start":{"line":168,"column":2},"end":{"line":170,"column":3}},"77":{"start":{"line":169,"column":3},"end":{"line":169,"column":14}},"78":{"start":{"line":171,"column":2},"end":{"line":176,"column":4}},"79":{"start":{"line":180,"column":2},"end":{"line":180,"column":44}},"80":{"start":{"line":184,"column":27},"end":{"line":184,"column":75}},"81":{"start":{"line":185,"column":2},"end":{"line":207,"column":3}},"82":{"start":{"line":186,"column":3},"end":{"line":206,"column":4}},"83":{"start":{"line":187,"column":25},"end":{"line":187,"column":38}},"84":{"start":{"line":188,"column":4},"end":{"line":195,"column":5}},"85":{"start":{"line":189,"column":26},"end":{"line":191,"column":6}},"86":{"start":{"line":192,"column":5},"end":{"line":192,"column":39}},"87":{"start":{"line":194,"column":5},"end":{"line":194,"column":29}},"88":{"start":{"line":196,"column":4},"end":{"line":201,"column":5}},"89":{"start":{"line":197,"column":22},"end":{"line":199,"column":6}},"90":{"start":{"line":200,"column":5},"end":{"line":200,"column":30}},"91":{"start":{"line":202,"column":21},"end":{"line":204,"column":5}},"92":{"start":{"line":205,"column":4},"end":{"line":205,"column":29}},"93":{"start":{"line":208,"column":2},"end":{"line":208,"column":26}},"94":{"start":{"line":213,"column":3},"end":{"line":213,"column":57}},"95":{"start":{"line":214,"column":2},"end":{"line":222,"column":3}},"96":{"start":{"line":215,"column":3},"end":{"line":221,"column":4}},"97":{"start":{"line":216,"column":21},"end":{"line":218,"column":5}},"98":{"start":{"line":219,"column":4},"end":{"line":219,"column":29}},"99":{"start":{"line":220,"column":4},"end":{"line":220,"column":28}},"100":{"start":{"line":223,"column":2},"end":{"line":223,"column":26}},"101":{"start":{"line":227,"column":13},"end":{"line":227,"column":63}},"102":{"start":{"line":228,"column":2},"end":{"line":230,"column":3}},"103":{"start":{"line":229,"column":3},"end":{"line":229,"column":14}},"104":{"start":{"line":231,"column":23},"end":{"line":231,"column":36}},"105":{"start":{"line":232,"column":2},"end":{"line":239,"column":3}},"106":{"start":{"line":233,"column":24},"end":{"line":235,"column":4}},"107":{"start":{"line":236,"column":3},"end":{"line":236,"column":37}},"108":{"start":{"line":238,"column":3},"end":{"line":238,"column":27}},"109":{"start":{"line":240,"column":2},"end":{"line":245,"column":3}},"110":{"start":{"line":241,"column":20},"end":{"line":243,"column":4}},"111":{"start":{"line":244,"column":3},"end":{"line":244,"column":28}},"112":{"start":{"line":246,"column":19},"end":{"line":248,"column":3}},"113":{"start":{"line":249,"column":2},"end":{"line":249,"column":27}},"114":{"start":{"line":251,"column":2},"end":{"line":251,"column":12}},"115":{"start":{"line":255,"column":23},"end":{"line":255,"column":65}},"116":{"start":{"line":256,"column":2},"end":{"line":258,"column":3}},"117":{"start":{"line":257,"column":3},"end":{"line":257,"column":14}},"118":{"start":{"line":259,"column":2},"end":{"line":261,"column":3}},"119":{"start":{"line":260,"column":3},"end":{"line":260,"column":14}},"120":{"start":{"line":262,"column":22},"end":{"line":262,"column":51}},"121":{"start":{"line":263,"column":22},"end":{"line":263,"column":24}},"122":{"start":{"line":264,"column":2},"end":{"line":273,"column":3}},"123":{"start":{"line":265,"column":3},"end":{"line":272,"column":4}},"124":{"start":{"line":266,"column":24},"end":{"line":268,"column":5}},"125":{"start":{"line":269,"column":4},"end":{"line":271,"column":5}},"126":{"start":{"line":269,"column":34},"end":{"line":269,"column":57}},"127":{"start":{"line":270,"column":5},"end":{"line":270,"column":31}},"128":{"start":{"line":274,"column":2},"end":{"line":274,"column":21}},"129":{"start":{"line":278,"column":2},"end":{"line":284,"column":3}},"130":{"start":{"line":283,"column":3},"end":{"line":283,"column":10}},"131":{"start":{"line":285,"column":13},"end":{"line":289,"column":3}},"132":{"start":{"line":290,"column":2},"end":{"line":309,"column":3}},"133":{"start":{"line":291,"column":3},"end":{"line":308,"column":4}},"134":{"start":{"line":292,"column":19},"end":{"line":297,"column":5}},"135":{"start":{"line":298,"column":4},"end":{"line":307,"column":5}},"136":{"start":{"line":300,"column":6},"end":{"line":300,"column":70}},"137":{"start":{"line":301,"column":5},"end":{"line":306,"column":6}},"138":{"start":{"line":302,"column":6},"end":{"line":305,"column":8}},"139":{"start":{"line":313,"column":2},"end":{"line":316,"column":4}},"140":{"start":{"line":320,"column":23},"end":{"line":322,"column":3}},"141":{"start":{"line":323,"column":2},"end":{"line":325,"column":3}},"142":{"start":{"line":324,"column":3},"end":{"line":324,"column":14}},"143":{"start":{"line":326,"column":2},"end":{"line":328,"column":3}},"144":{"start":{"line":327,"column":3},"end":{"line":327,"column":14}},"145":{"start":{"line":329,"column":2},"end":{"line":334,"column":3}},"146":{"start":{"line":330,"column":3},"end":{"line":333,"column":5}},"147":{"start":{"line":338,"column":23},"end":{"line":340,"column":3}},"148":{"start":{"line":341,"column":2},"end":{"line":343,"column":3}},"149":{"start":{"line":342,"column":3},"end":{"line":342,"column":14}},"150":{"start":{"line":344,"column":2},"end":{"line":350,"column":3}},"151":{"start":{"line":349,"column":3},"end":{"line":349,"column":14}},"152":{"start":{"line":351,"column":26},"end":{"line":353,"column":3}},"153":{"start":{"line":354,"column":2},"end":{"line":357,"column":4}},"154":{"start":{"line":361,"column":2},"end":{"line":363,"column":3}},"155":{"start":{"line":362,"column":3},"end":{"line":362,"column":14}},"156":{"start":{"line":364,"column":2},"end":{"line":364,"column":67}},"157":{"start":{"line":367,"column":2},"end":{"line":367,"column":42}},"158":{"start":{"line":371,"column":2},"end":{"line":371,"column":69}},"159":{"start":{"line":375,"column":21},"end":{"line":378,"column":3}},"160":{"start":{"line":379,"column":2},"end":{"line":381,"column":3}},"161":{"start":{"line":380,"column":3},"end":{"line":380,"column":39}},"162":{"start":{"line":387,"column":2},"end":{"line":387,"column":46}},"163":{"start":{"line":391,"column":21},"end":{"line":394,"column":3}},"164":{"start":{"line":395,"column":2},"end":{"line":397,"column":3}},"165":{"start":{"line":396,"column":3},"end":{"line":396,"column":14}},"166":{"start":{"line":398,"column":2},"end":{"line":398,"column":65}},"167":{"start":{"line":402,"column":2},"end":{"line":402,"column":55}},"168":{"start":{"line":406,"column":18},"end":{"line":406,"column":62}},"169":{"start":{"line":407,"column":2},"end":{"line":409,"column":3}},"170":{"start":{"line":408,"column":3},"end":{"line":408,"column":14}},"171":{"start":{"line":410,"column":2},"end":{"line":410,"column":61}},"172":{"start":{"line":414,"column":2},"end":{"line":414,"column":69}},"173":{"start":{"line":418,"column":17},"end":{"line":418,"column":63}},"174":{"start":{"line":419,"column":2},"end":{"line":421,"column":3}},"175":{"start":{"line":420,"column":3},"end":{"line":420,"column":20}},"176":{"start":{"line":422,"column":2},"end":{"line":426,"column":3}},"177":{"start":{"line":424,"column":3},"end":{"line":424,"column":72}},"178":{"start":{"line":425,"column":3},"end":{"line":425,"column":24}},"179":{"start":{"line":427,"column":16},"end":{"line":434,"column":3}},"180":{"start":{"line":428,"column":61},"end":{"line":433,"column":4}},"181":{"start":{"line":435,"column":2},"end":{"line":435,"column":17}},"182":{"start":{"line":439,"column":22},"end":{"line":439,"column":77}},"183":{"start":{"line":440,"column":2},"end":{"line":454,"column":3}},"184":{"start":{"line":441,"column":17},"end":{"line":443,"column":4}},"185":{"start":{"line":444,"column":14},"end":{"line":450,"column":4}},"186":{"start":{"line":451,"column":3},"end":{"line":451,"column":16}},"187":{"start":{"line":452,"column":3},"end":{"line":452,"column":19}},"188":{"start":{"line":453,"column":3},"end":{"line":453,"column":13}},"189":{"start":{"line":455,"column":2},"end":{"line":455,"column":21}},"190":{"start":{"line":459,"column":28},"end":{"line":461,"column":3}},"191":{"start":{"line":462,"column":2},"end":{"line":464,"column":3}},"192":{"start":{"line":463,"column":3},"end":{"line":463,"column":12}},"193":{"start":{"line":465,"column":21},"end":{"line":468,"column":3}},"194":{"start":{"line":469,"column":2},"end":{"line":471,"column":3}},"195":{"start":{"line":470,"column":3},"end":{"line":470,"column":12}},"196":{"start":{"line":472,"column":2},"end":{"line":477,"column":3}},"197":{"start":{"line":473,"column":3},"end":{"line":476,"column":5}},"198":{"start":{"line":481,"column":2},"end":{"line":481,"column":61}},"199":{"start":{"line":485,"column":16},"end":{"line":485,"column":49}},"200":{"start":{"line":486,"column":2},"end":{"line":488,"column":3}},"201":{"start":{"line":487,"column":3},"end":{"line":487,"column":14}},"202":{"start":{"line":489,"column":2},"end":{"line":489,"column":61}},"203":{"start":{"line":493,"column":2},"end":{"line":493,"column":69}},"204":{"start":{"line":497,"column":24},"end":{"line":497,"column":68}},"205":{"start":{"line":498,"column":2},"end":{"line":500,"column":3}},"206":{"start":{"line":499,"column":3},"end":{"line":499,"column":14}},"207":{"start":{"line":501,"column":30},"end":{"line":504,"column":3}},"208":{"start":{"line":505,"column":2},"end":{"line":507,"column":3}},"209":{"start":{"line":506,"column":3},"end":{"line":506,"column":14}},"210":{"start":{"line":508,"column":23},"end":{"line":512,"column":3}},"211":{"start":{"line":513,"column":2},"end":{"line":513,"column":69}},"212":{"start":{"line":517,"column":27},"end":{"line":520,"column":3}},"213":{"start":{"line":521,"column":2},"end":{"line":523,"column":3}},"214":{"start":{"line":522,"column":3},"end":{"line":522,"column":14}},"215":{"start":{"line":524,"column":24},"end":{"line":524,"column":68}},"216":{"start":{"line":525,"column":2},"end":{"line":527,"column":3}},"217":{"start":{"line":526,"column":3},"end":{"line":526,"column":14}},"218":{"start":{"line":528,"column":30},"end":{"line":531,"column":3}},"219":{"start":{"line":532,"column":2},"end":{"line":534,"column":3}},"220":{"start":{"line":533,"column":3},"end":{"line":533,"column":14}},"221":{"start":{"line":535,"column":2},"end":{"line":540,"column":4}},"222":{"start":{"line":544,"column":27},"end":{"line":547,"column":3}},"223":{"start":{"line":548,"column":2},"end":{"line":550,"column":3}},"224":{"start":{"line":549,"column":3},"end":{"line":549,"column":14}},"225":{"start":{"line":551,"column":24},"end":{"line":551,"column":68}},"226":{"start":{"line":552,"column":2},"end":{"line":554,"column":3}},"227":{"start":{"line":553,"column":3},"end":{"line":553,"column":14}},"228":{"start":{"line":555,"column":2},"end":{"line":555,"column":48}},"229":{"start":{"line":556,"column":2},"end":{"line":559,"column":4}},"230":{"start":{"line":563,"column":2},"end":{"line":563,"column":42}},"231":{"start":{"line":567,"column":2},"end":{"line":567,"column":44}},"232":{"start":{"line":571,"column":21},"end":{"line":574,"column":3}},"233":{"start":{"line":576,"column":2},"end":{"line":578,"column":3}},"234":{"start":{"line":577,"column":3},"end":{"line":577,"column":14}},"235":{"start":{"line":580,"column":2},"end":{"line":586,"column":3}},"236":{"start":{"line":581,"column":15},"end":{"line":581,"column":60}},"237":{"start":{"line":582,"column":3},"end":{"line":584,"column":4}},"238":{"start":{"line":583,"column":4},"end":{"line":583,"column":44}},"239":{"start":{"line":585,"column":3},"end":{"line":585,"column":14}},"240":{"start":{"line":588,"column":2},"end":{"line":588,"column":20}},"241":{"start":{"line":592,"column":21},"end":{"line":592,"column":55}},"242":{"start":{"line":593,"column":2},"end":{"line":595,"column":3}},"243":{"start":{"line":594,"column":3},"end":{"line":594,"column":14}},"244":{"start":{"line":596,"column":2},"end":{"line":596,"column":67}},"245":{"start":{"line":600,"column":2},"end":{"line":600,"column":43}},"246":{"start":{"line":604,"column":17},"end":{"line":604,"column":68}},"247":{"start":{"line":605,"column":2},"end":{"line":607,"column":3}},"248":{"start":{"line":606,"column":3},"end":{"line":606,"column":20}},"249":{"start":{"line":608,"column":2},"end":{"line":618,"column":3}},"250":{"start":{"line":610,"column":3},"end":{"line":616,"column":4}},"251":{"start":{"line":611,"column":4},"end":{"line":611,"column":76}},"252":{"start":{"line":613,"column":4},"end":{"line":615,"column":6}},"253":{"start":{"line":617,"column":3},"end":{"line":617,"column":32}},"254":{"start":{"line":619,"column":2},"end":{"line":619,"column":16}},"255":{"start":{"line":623,"column":17},"end":{"line":623,"column":74}},"256":{"start":{"line":624,"column":2},"end":{"line":626,"column":3}},"257":{"start":{"line":625,"column":3},"end":{"line":625,"column":20}},"258":{"start":{"line":627,"column":2},"end":{"line":632,"column":3}},"259":{"start":{"line":628,"column":17},"end":{"line":630,"column":4}},"260":{"start":{"line":631,"column":3},"end":{"line":631,"column":32}},"261":{"start":{"line":633,"column":2},"end":{"line":633,"column":16}},"262":{"start":{"line":637,"column":17},"end":{"line":637,"column":76}},"263":{"start":{"line":638,"column":2},"end":{"line":640,"column":3}},"264":{"start":{"line":639,"column":3},"end":{"line":639,"column":20}},"265":{"start":{"line":641,"column":2},"end":{"line":646,"column":3}},"266":{"start":{"line":642,"column":17},"end":{"line":644,"column":4}},"267":{"start":{"line":645,"column":3},"end":{"line":645,"column":32}},"268":{"start":{"line":647,"column":2},"end":{"line":647,"column":16}},"269":{"start":{"line":651,"column":16},"end":{"line":651,"column":77}},"270":{"start":{"line":652,"column":2},"end":{"line":654,"column":3}},"271":{"start":{"line":653,"column":3},"end":{"line":653,"column":20}},"272":{"start":{"line":656,"column":2},"end":{"line":662,"column":3}},"273":{"start":{"line":657,"column":3},"end":{"line":657,"column":77}},"274":{"start":{"line":659,"column":3},"end":{"line":661,"column":5}},"275":{"start":{"line":663,"column":2},"end":{"line":663,"column":31}},"276":{"start":{"line":664,"column":2},"end":{"line":664,"column":15}},"277":{"start":{"line":668,"column":2},"end":{"line":674,"column":3}},"278":{"start":{"line":673,"column":3},"end":{"line":673,"column":14}},"279":{"start":{"line":675,"column":21},"end":{"line":678,"column":3}},"280":{"start":{"line":679,"column":2},"end":{"line":681,"column":3}},"281":{"start":{"line":680,"column":3},"end":{"line":680,"column":14}},"282":{"start":{"line":682,"column":2},"end":{"line":702,"column":3}},"283":{"start":{"line":683,"column":18},"end":{"line":683,"column":58}},"284":{"start":{"line":684,"column":3},"end":{"line":701,"column":4}},"285":{"start":{"line":685,"column":25},"end":{"line":687,"column":5}},"286":{"start":{"line":688,"column":4},"end":{"line":696,"column":6}},"287":{"start":{"line":697,"column":4},"end":{"line":700,"column":6}},"288":{"start":{"line":706,"column":18},"end":{"line":709,"column":3}},"289":{"start":{"line":710,"column":2},"end":{"line":712,"column":3}},"290":{"start":{"line":711,"column":3},"end":{"line":711,"column":14}},"291":{"start":{"line":713,"column":2},"end":{"line":730,"column":3}},"292":{"start":{"line":714,"column":3},"end":{"line":729,"column":4}},"293":{"start":{"line":715,"column":4},"end":{"line":719,"column":6}},"294":{"start":{"line":720,"column":20},"end":{"line":720,"column":72}},"295":{"start":{"line":721,"column":4},"end":{"line":728,"column":5}},"296":{"start":{"line":722,"column":5},"end":{"line":727,"column":7}},"297":{"start":{"line":734,"column":2},"end":{"line":734,"column":67}},"298":{"start":{"line":738,"column":2},"end":{"line":745,"column":4}},"299":{"start":{"line":749,"column":2},"end":{"line":749,"column":72}},"300":{"start":{"line":753,"column":25},"end":{"line":753,"column":74}},"301":{"start":{"line":754,"column":2},"end":{"line":756,"column":3}},"302":{"start":{"line":755,"column":3},"end":{"line":755,"column":20}},"303":{"start":{"line":757,"column":2},"end":{"line":757,"column":46}},"304":{"start":{"line":758,"column":2},"end":{"line":758,"column":78}},"305":{"start":{"line":762,"column":2},"end":{"line":762,"column":52}},"306":{"start":{"line":766,"column":2},"end":{"line":766,"column":62}},"307":{"start":{"line":770,"column":2},"end":{"line":770,"column":77}},"308":{"start":{"line":774,"column":14},"end":{"line":774,"column":49}},"309":{"start":{"line":775,"column":2},"end":{"line":775,"column":42}},"310":{"start":{"line":775,"column":25},"end":{"line":775,"column":42}},"311":{"start":{"line":776,"column":2},"end":{"line":780,"column":4}},"312":{"start":{"line":789,"column":14},"end":{"line":789,"column":52}},"313":{"start":{"line":790,"column":2},"end":{"line":790,"column":34}},"314":{"start":{"line":790,"column":25},"end":{"line":790,"column":34}},"315":{"start":{"line":791,"column":2},"end":{"line":796,"column":4}},"316":{"start":{"line":800,"column":2},"end":{"line":800,"column":70}},"317":{"start":{"line":804,"column":0},"end":{"line":804,"column":21}}},"fnMap":{"0":{"name":"(anonymous_0)","decl":{"start":{"line":19,"column":1},"end":{"line":19,"column":2}},"loc":{"start":{"line":19,"column":21},"end":{"line":33,"column":2}},"line":19},"1":{"name":"(anonymous_1)","decl":{"start":{"line":20,"column":40},"end":{"line":20,"column":41}},"loc":{"start":{"line":20,"column":49},"end":{"line":22,"column":3}},"line":20},"2":{"name":"(anonymous_2)","decl":{"start":{"line":35,"column":1},"end":{"line":35,"column":2}},"loc":{"start":{"line":35,"column":25},"end":{"line":37,"column":2}},"line":35},"3":{"name":"(anonymous_3)","decl":{"start":{"line":39,"column":1},"end":{"line":39,"column":2}},"loc":{"start":{"line":39,"column":31},"end":{"line":41,"column":2}},"line":39},"4":{"name":"(anonymous_4)","decl":{"start":{"line":43,"column":1},"end":{"line":43,"column":2}},"loc":{"start":{"line":43,"column":20},"end":{"line":56,"column":2}},"line":43},"5":{"name":"(anonymous_5)","decl":{"start":{"line":58,"column":1},"end":{"line":58,"column":2}},"loc":{"start":{"line":58,"column":22},"end":{"line":68,"column":2}},"line":58},"6":{"name":"(anonymous_6)","decl":{"start":{"line":70,"column":1},"end":{"line":70,"column":2}},"loc":{"start":{"line":70,"column":22},"end":{"line":72,"column":2}},"line":70},"7":{"name":"(anonymous_7)","decl":{"start":{"line":74,"column":1},"end":{"line":74,"column":2}},"loc":{"start":{"line":82,"column":3},"end":{"line":113,"column":2}},"line":82},"8":{"name":"(anonymous_8)","decl":{"start":{"line":115,"column":1},"end":{"line":115,"column":2}},"loc":{"start":{"line":115,"column":47},"end":{"line":140,"column":2}},"line":115},"9":{"name":"(anonymous_9)","decl":{"start":{"line":142,"column":1},"end":{"line":142,"column":2}},"loc":{"start":{"line":142,"column":24},"end":{"line":144,"column":2}},"line":142},"10":{"name":"(anonymous_10)","decl":{"start":{"line":146,"column":1},"end":{"line":146,"column":2}},"loc":{"start":{"line":146,"column":21},"end":{"line":148,"column":2}},"line":146},"11":{"name":"(anonymous_11)","decl":{"start":{"line":150,"column":1},"end":{"line":150,"column":2}},"loc":{"start":{"line":150,"column":46},"end":{"line":152,"column":2}},"line":150},"12":{"name":"(anonymous_12)","decl":{"start":{"line":154,"column":1},"end":{"line":154,"column":2}},"loc":{"start":{"line":154,"column":30},"end":{"line":156,"column":2}},"line":154},"13":{"name":"(anonymous_13)","decl":{"start":{"line":158,"column":1},"end":{"line":158,"column":2}},"loc":{"start":{"line":158,"column":27},"end":{"line":164,"column":2}},"line":158},"14":{"name":"(anonymous_14)","decl":{"start":{"line":166,"column":1},"end":{"line":166,"column":2}},"loc":{"start":{"line":166,"column":67},"end":{"line":177,"column":2}},"line":166},"15":{"name":"(anonymous_15)","decl":{"start":{"line":179,"column":1},"end":{"line":179,"column":2}},"loc":{"start":{"line":179,"column":27},"end":{"line":181,"column":2}},"line":179},"16":{"name":"(anonymous_16)","decl":{"start":{"line":183,"column":1},"end":{"line":183,"column":2}},"loc":{"start":{"line":183,"column":29},"end":{"line":209,"column":2}},"line":183},"17":{"name":"(anonymous_17)","decl":{"start":{"line":211,"column":1},"end":{"line":211,"column":2}},"loc":{"start":{"line":211,"column":35},"end":{"line":224,"column":2}},"line":211},"18":{"name":"(anonymous_18)","decl":{"start":{"line":226,"column":1},"end":{"line":226,"column":2}},"loc":{"start":{"line":226,"column":31},"end":{"line":252,"column":2}},"line":226},"19":{"name":"(anonymous_19)","decl":{"start":{"line":254,"column":1},"end":{"line":254,"column":2}},"loc":{"start":{"line":254,"column":42},"end":{"line":275,"column":2}},"line":254},"20":{"name":"(anonymous_20)","decl":{"start":{"line":269,"column":26},"end":{"line":269,"column":27}},"loc":{"start":{"line":269,"column":34},"end":{"line":269,"column":57}},"line":269},"21":{"name":"(anonymous_21)","decl":{"start":{"line":277,"column":1},"end":{"line":277,"column":2}},"loc":{"start":{"line":277,"column":56},"end":{"line":310,"column":2}},"line":277},"22":{"name":"(anonymous_22)","decl":{"start":{"line":312,"column":1},"end":{"line":312,"column":2}},"loc":{"start":{"line":312,"column":51},"end":{"line":317,"column":2}},"line":312},"23":{"name":"(anonymous_23)","decl":{"start":{"line":319,"column":1},"end":{"line":319,"column":2}},"loc":{"start":{"line":319,"column":62},"end":{"line":335,"column":2}},"line":319},"24":{"name":"(anonymous_24)","decl":{"start":{"line":337,"column":1},"end":{"line":337,"column":2}},"loc":{"start":{"line":337,"column":56},"end":{"line":358,"column":2}},"line":337},"25":{"name":"(anonymous_25)","decl":{"start":{"line":360,"column":1},"end":{"line":360,"column":2}},"loc":{"start":{"line":360,"column":38},"end":{"line":365,"column":2}},"line":360},"26":{"name":"(anonymous_26)","decl":{"start":{"line":366,"column":1},"end":{"line":366,"column":2}},"loc":{"start":{"line":366,"column":21},"end":{"line":368,"column":2}},"line":366},"27":{"name":"(anonymous_27)","decl":{"start":{"line":370,"column":1},"end":{"line":370,"column":2}},"loc":{"start":{"line":370,"column":31},"end":{"line":372,"column":2}},"line":370},"28":{"name":"(anonymous_28)","decl":{"start":{"line":374,"column":1},"end":{"line":374,"column":2}},"loc":{"start":{"line":374,"column":21},"end":{"line":384,"column":2}},"line":374},"29":{"name":"(anonymous_29)","decl":{"start":{"line":386,"column":1},"end":{"line":386,"column":2}},"loc":{"start":{"line":386,"column":25},"end":{"line":388,"column":2}},"line":386},"30":{"name":"(anonymous_30)","decl":{"start":{"line":390,"column":1},"end":{"line":390,"column":2}},"loc":{"start":{"line":390,"column":44},"end":{"line":399,"column":2}},"line":390},"31":{"name":"(anonymous_31)","decl":{"start":{"line":401,"column":1},"end":{"line":401,"column":2}},"loc":{"start":{"line":401,"column":34},"end":{"line":403,"column":2}},"line":401},"32":{"name":"(anonymous_32)","decl":{"start":{"line":405,"column":1},"end":{"line":405,"column":2}},"loc":{"start":{"line":405,"column":34},"end":{"line":411,"column":2}},"line":405},"33":{"name":"(anonymous_33)","decl":{"start":{"line":413,"column":1},"end":{"line":413,"column":2}},"loc":{"start":{"line":413,"column":42},"end":{"line":415,"column":2}},"line":413},"34":{"name":"(anonymous_34)","decl":{"start":{"line":417,"column":1},"end":{"line":417,"column":2}},"loc":{"start":{"line":417,"column":28},"end":{"line":436,"column":2}},"line":417},"35":{"name":"(anonymous_35)","decl":{"start":{"line":428,"column":3},"end":{"line":428,"column":4}},"loc":{"start":{"line":428,"column":61},"end":{"line":433,"column":4}},"line":428},"36":{"name":"(anonymous_36)","decl":{"start":{"line":438,"column":1},"end":{"line":438,"column":2}},"loc":{"start":{"line":438,"column":37},"end":{"line":456,"column":2}},"line":438},"37":{"name":"(anonymous_37)","decl":{"start":{"line":458,"column":1},"end":{"line":458,"column":2}},"loc":{"start":{"line":458,"column":54},"end":{"line":478,"column":2}},"line":458},"38":{"name":"(anonymous_38)","decl":{"start":{"line":480,"column":1},"end":{"line":480,"column":2}},"loc":{"start":{"line":480,"column":40},"end":{"line":482,"column":2}},"line":480},"39":{"name":"(anonymous_39)","decl":{"start":{"line":484,"column":1},"end":{"line":484,"column":2}},"loc":{"start":{"line":484,"column":34},"end":{"line":490,"column":2}},"line":484},"40":{"name":"(anonymous_40)","decl":{"start":{"line":492,"column":1},"end":{"line":492,"column":2}},"loc":{"start":{"line":492,"column":42},"end":{"line":494,"column":2}},"line":492},"41":{"name":"(anonymous_41)","decl":{"start":{"line":496,"column":1},"end":{"line":496,"column":2}},"loc":{"start":{"line":496,"column":59},"end":{"line":514,"column":2}},"line":496},"42":{"name":"(anonymous_42)","decl":{"start":{"line":516,"column":1},"end":{"line":516,"column":2}},"loc":{"start":{"line":516,"column":73},"end":{"line":541,"column":2}},"line":516},"43":{"name":"(anonymous_43)","decl":{"start":{"line":543,"column":1},"end":{"line":543,"column":2}},"loc":{"start":{"line":543,"column":34},"end":{"line":560,"column":2}},"line":543},"44":{"name":"(anonymous_44)","decl":{"start":{"line":562,"column":1},"end":{"line":562,"column":2}},"loc":{"start":{"line":562,"column":21},"end":{"line":564,"column":2}},"line":562},"45":{"name":"(anonymous_45)","decl":{"start":{"line":566,"column":1},"end":{"line":566,"column":2}},"loc":{"start":{"line":566,"column":23},"end":{"line":568,"column":2}},"line":566},"46":{"name":"(anonymous_46)","decl":{"start":{"line":570,"column":1},"end":{"line":570,"column":2}},"loc":{"start":{"line":570,"column":21},"end":{"line":589,"column":2}},"line":570},"47":{"name":"(anonymous_47)","decl":{"start":{"line":591,"column":1},"end":{"line":591,"column":2}},"loc":{"start":{"line":591,"column":46},"end":{"line":597,"column":2}},"line":591},"48":{"name":"(anonymous_48)","decl":{"start":{"line":599,"column":1},"end":{"line":599,"column":2}},"loc":{"start":{"line":599,"column":22},"end":{"line":601,"column":2}},"line":599},"49":{"name":"(anonymous_49)","decl":{"start":{"line":603,"column":1},"end":{"line":603,"column":2}},"loc":{"start":{"line":603,"column":31},"end":{"line":620,"column":2}},"line":603},"50":{"name":"(anonymous_50)","decl":{"start":{"line":622,"column":1},"end":{"line":622,"column":2}},"loc":{"start":{"line":622,"column":37},"end":{"line":634,"column":2}},"line":622},"51":{"name":"(anonymous_51)","decl":{"start":{"line":636,"column":1},"end":{"line":636,"column":2}},"loc":{"start":{"line":636,"column":39},"end":{"line":648,"column":2}},"line":636},"52":{"name":"(anonymous_52)","decl":{"start":{"line":650,"column":1},"end":{"line":650,"column":2}},"loc":{"start":{"line":650,"column":41},"end":{"line":665,"column":2}},"line":650},"53":{"name":"(anonymous_53)","decl":{"start":{"line":667,"column":1},"end":{"line":667,"column":2}},"loc":{"start":{"line":667,"column":70},"end":{"line":703,"column":2}},"line":667},"54":{"name":"(anonymous_54)","decl":{"start":{"line":705,"column":1},"end":{"line":705,"column":2}},"loc":{"start":{"line":705,"column":62},"end":{"line":731,"column":2}},"line":705},"55":{"name":"(anonymous_55)","decl":{"start":{"line":733,"column":1},"end":{"line":733,"column":2}},"loc":{"start":{"line":733,"column":44},"end":{"line":735,"column":2}},"line":733},"56":{"name":"(anonymous_56)","decl":{"start":{"line":737,"column":1},"end":{"line":737,"column":2}},"loc":{"start":{"line":737,"column":66},"end":{"line":746,"column":2}},"line":737},"57":{"name":"(anonymous_57)","decl":{"start":{"line":748,"column":1},"end":{"line":748,"column":2}},"loc":{"start":{"line":748,"column":47},"end":{"line":750,"column":2}},"line":748},"58":{"name":"(anonymous_58)","decl":{"start":{"line":752,"column":1},"end":{"line":752,"column":2}},"loc":{"start":{"line":752,"column":56},"end":{"line":759,"column":2}},"line":752},"59":{"name":"(anonymous_59)","decl":{"start":{"line":761,"column":1},"end":{"line":761,"column":2}},"loc":{"start":{"line":761,"column":34},"end":{"line":763,"column":2}},"line":761},"60":{"name":"(anonymous_60)","decl":{"start":{"line":765,"column":1},"end":{"line":765,"column":2}},"loc":{"start":{"line":765,"column":31},"end":{"line":767,"column":2}},"line":765},"61":{"name":"(anonymous_61)","decl":{"start":{"line":769,"column":1},"end":{"line":769,"column":2}},"loc":{"start":{"line":769,"column":46},"end":{"line":771,"column":2}},"line":769},"62":{"name":"(anonymous_62)","decl":{"start":{"line":773,"column":1},"end":{"line":773,"column":2}},"loc":{"start":{"line":773,"column":51},"end":{"line":781,"column":2}},"line":773},"63":{"name":"(anonymous_63)","decl":{"start":{"line":783,"column":1},"end":{"line":783,"column":2}},"loc":{"start":{"line":788,"column":3},"end":{"line":797,"column":2}},"line":788},"64":{"name":"(anonymous_64)","decl":{"start":{"line":799,"column":1},"end":{"line":799,"column":2}},"loc":{"start":{"line":799,"column":46},"end":{"line":801,"column":2}},"line":799}},"branchMap":{"0":{"loc":{"start":{"line":21,"column":3},"end":{"line":21,"column":22}},"type":"if","locations":[{"start":{"line":21,"column":3},"end":{"line":21,"column":22}},{"start":{},"end":{}}],"line":21},"1":{"loc":{"start":{"line":45,"column":2},"end":{"line":54,"column":3}},"type":"if","locations":[{"start":{"line":45,"column":2},"end":{"line":54,"column":3}},{"start":{},"end":{}}],"line":45},"2":{"loc":{"start":{"line":50,"column":4},"end":{"line":52,"column":5}},"type":"if","locations":[{"start":{"line":50,"column":4},"end":{"line":52,"column":5}},{"start":{},"end":{}}],"line":50},"3":{"loc":{"start":{"line":60,"column":2},"end":{"line":66,"column":3}},"type":"if","locations":[{"start":{"line":60,"column":2},"end":{"line":66,"column":3}},{"start":{},"end":{}}],"line":60},"4":{"loc":{"start":{"line":62,"column":3},"end":{"line":64,"column":4}},"type":"if","locations":[{"start":{"line":62,"column":3},"end":{"line":64,"column":4}},{"start":{},"end":{}}],"line":62},"5":{"loc":{"start":{"line":84,"column":2},"end":{"line":86,"column":3}},"type":"if","locations":[{"start":{"line":84,"column":2},"end":{"line":86,"column":3}},{"start":{},"end":{}}],"line":84},"6":{"loc":{"start":{"line":87,"column":2},"end":{"line":103,"column":3}},"type":"if","locations":[{"start":{"line":87,"column":2},"end":{"line":103,"column":3}},{"start":{},"end":{}}],"line":87},"7":{"loc":{"start":{"line":89,"column":3},"end":{"line":102,"column":4}},"type":"if","locations":[{"start":{"line":89,"column":3},"end":{"line":102,"column":4}},{"start":{},"end":{}}],"line":89},"8":{"loc":{"start":{"line":90,"column":4},"end":{"line":101,"column":5}},"type":"if","locations":[{"start":{"line":90,"column":4},"end":{"line":101,"column":5}},{"start":{"line":99,"column":11},"end":{"line":101,"column":5}}],"line":90},"9":{"loc":{"start":{"line":91,"column":5},"end":{"line":92,"column":59}},"type":"binary-expr","locations":[{"start":{"line":91,"column":5},"end":{"line":91,"column":59}},{"start":{"line":92,"column":5},"end":{"line":92,"column":59}}],"line":91},"10":{"loc":{"start":{"line":117,"column":2},"end":{"line":119,"column":3}},"type":"if","locations":[{"start":{"line":117,"column":2},"end":{"line":119,"column":3}},{"start":{},"end":{}}],"line":117},"11":{"loc":{"start":{"line":121,"column":2},"end":{"line":139,"column":3}},"type":"if","locations":[{"start":{"line":121,"column":2},"end":{"line":139,"column":3}},{"start":{"line":137,"column":9},"end":{"line":139,"column":3}}],"line":121},"12":{"loc":{"start":{"line":124,"column":3},"end":{"line":136,"column":4}},"type":"if","locations":[{"start":{"line":124,"column":3},"end":{"line":136,"column":4}},{"start":{"line":134,"column":10},"end":{"line":136,"column":4}}],"line":124},"13":{"loc":{"start":{"line":125,"column":4},"end":{"line":126,"column":36}},"type":"binary-expr","locations":[{"start":{"line":125,"column":4},"end":{"line":125,"column":36}},{"start":{"line":126,"column":4},"end":{"line":126,"column":36}}],"line":125},"14":{"loc":{"start":{"line":160,"column":2},"end":{"line":162,"column":3}},"type":"if","locations":[{"start":{"line":160,"column":2},"end":{"line":162,"column":3}},{"start":{},"end":{}}],"line":160},"15":{"loc":{"start":{"line":168,"column":2},"end":{"line":170,"column":3}},"type":"if","locations":[{"start":{"line":168,"column":2},"end":{"line":170,"column":3}},{"start":{},"end":{}}],"line":168},"16":{"loc":{"start":{"line":185,"column":2},"end":{"line":207,"column":3}},"type":"if","locations":[{"start":{"line":185,"column":2},"end":{"line":207,"column":3}},{"start":{},"end":{}}],"line":185},"17":{"loc":{"start":{"line":188,"column":4},"end":{"line":195,"column":5}},"type":"if","locations":[{"start":{"line":188,"column":4},"end":{"line":195,"column":5}},{"start":{"line":193,"column":11},"end":{"line":195,"column":5}}],"line":188},"18":{"loc":{"start":{"line":196,"column":4},"end":{"line":201,"column":5}},"type":"if","locations":[{"start":{"line":196,"column":4},"end":{"line":201,"column":5}},{"start":{},"end":{}}],"line":196},"19":{"loc":{"start":{"line":196,"column":8},"end":{"line":196,"column":64}},"type":"binary-expr","locations":[{"start":{"line":196,"column":8},"end":{"line":196,"column":35}},{"start":{"line":196,"column":39},"end":{"line":196,"column":64}}],"line":196},"20":{"loc":{"start":{"line":214,"column":2},"end":{"line":222,"column":3}},"type":"if","locations":[{"start":{"line":214,"column":2},"end":{"line":222,"column":3}},{"start":{},"end":{}}],"line":214},"21":{"loc":{"start":{"line":228,"column":2},"end":{"line":230,"column":3}},"type":"if","locations":[{"start":{"line":228,"column":2},"end":{"line":230,"column":3}},{"start":{},"end":{}}],"line":228},"22":{"loc":{"start":{"line":232,"column":2},"end":{"line":239,"column":3}},"type":"if","locations":[{"start":{"line":232,"column":2},"end":{"line":239,"column":3}},{"start":{"line":237,"column":9},"end":{"line":239,"column":3}}],"line":232},"23":{"loc":{"start":{"line":240,"column":2},"end":{"line":245,"column":3}},"type":"if","locations":[{"start":{"line":240,"column":2},"end":{"line":245,"column":3}},{"start":{},"end":{}}],"line":240},"24":{"loc":{"start":{"line":240,"column":6},"end":{"line":240,"column":62}},"type":"binary-expr","locations":[{"start":{"line":240,"column":6},"end":{"line":240,"column":33}},{"start":{"line":240,"column":37},"end":{"line":240,"column":62}}],"line":240},"25":{"loc":{"start":{"line":256,"column":2},"end":{"line":258,"column":3}},"type":"if","locations":[{"start":{"line":256,"column":2},"end":{"line":258,"column":3}},{"start":{},"end":{}}],"line":256},"26":{"loc":{"start":{"line":259,"column":2},"end":{"line":261,"column":3}},"type":"if","locations":[{"start":{"line":259,"column":2},"end":{"line":261,"column":3}},{"start":{},"end":{}}],"line":259},"27":{"loc":{"start":{"line":264,"column":2},"end":{"line":273,"column":3}},"type":"if","locations":[{"start":{"line":264,"column":2},"end":{"line":273,"column":3}},{"start":{},"end":{}}],"line":264},"28":{"loc":{"start":{"line":269,"column":4},"end":{"line":271,"column":5}},"type":"if","locations":[{"start":{"line":269,"column":4},"end":{"line":271,"column":5}},{"start":{},"end":{}}],"line":269},"29":{"loc":{"start":{"line":278,"column":2},"end":{"line":284,"column":3}},"type":"if","locations":[{"start":{"line":278,"column":2},"end":{"line":284,"column":3}},{"start":{},"end":{}}],"line":278},"30":{"loc":{"start":{"line":279,"column":3},"end":{"line":281,"column":27}},"type":"binary-expr","locations":[{"start":{"line":279,"column":3},"end":{"line":279,"column":26}},{"start":{"line":280,"column":3},"end":{"line":280,"column":25}},{"start":{"line":281,"column":3},"end":{"line":281,"column":27}}],"line":279},"31":{"loc":{"start":{"line":290,"column":2},"end":{"line":309,"column":3}},"type":"if","locations":[{"start":{"line":290,"column":2},"end":{"line":309,"column":3}},{"start":{},"end":{}}],"line":290},"32":{"loc":{"start":{"line":298,"column":4},"end":{"line":307,"column":5}},"type":"if","locations":[{"start":{"line":298,"column":4},"end":{"line":307,"column":5}},{"start":{},"end":{}}],"line":298},"33":{"loc":{"start":{"line":301,"column":5},"end":{"line":306,"column":6}},"type":"if","locations":[{"start":{"line":301,"column":5},"end":{"line":306,"column":6}},{"start":{},"end":{}}],"line":301},"34":{"loc":{"start":{"line":323,"column":2},"end":{"line":325,"column":3}},"type":"if","locations":[{"start":{"line":323,"column":2},"end":{"line":325,"column":3}},{"start":{},"end":{}}],"line":323},"35":{"loc":{"start":{"line":326,"column":2},"end":{"line":328,"column":3}},"type":"if","locations":[{"start":{"line":326,"column":2},"end":{"line":328,"column":3}},{"start":{},"end":{}}],"line":326},"36":{"loc":{"start":{"line":341,"column":2},"end":{"line":343,"column":3}},"type":"if","locations":[{"start":{"line":341,"column":2},"end":{"line":343,"column":3}},{"start":{},"end":{}}],"line":341},"37":{"loc":{"start":{"line":344,"column":2},"end":{"line":350,"column":3}},"type":"if","locations":[{"start":{"line":344,"column":2},"end":{"line":350,"column":3}},{"start":{},"end":{}}],"line":344},"38":{"loc":{"start":{"line":345,"column":3},"end":{"line":347,"column":75}},"type":"binary-expr","locations":[{"start":{"line":345,"column":3},"end":{"line":345,"column":41}},{"start":{"line":346,"column":4},"end":{"line":346,"column":31}},{"start":{"line":347,"column":4},"end":{"line":347,"column":74}}],"line":345},"39":{"loc":{"start":{"line":361,"column":2},"end":{"line":363,"column":3}},"type":"if","locations":[{"start":{"line":361,"column":2},"end":{"line":363,"column":3}},{"start":{},"end":{}}],"line":361},"40":{"loc":{"start":{"line":379,"column":2},"end":{"line":381,"column":3}},"type":"if","locations":[{"start":{"line":379,"column":2},"end":{"line":381,"column":3}},{"start":{},"end":{}}],"line":379},"41":{"loc":{"start":{"line":395,"column":2},"end":{"line":397,"column":3}},"type":"if","locations":[{"start":{"line":395,"column":2},"end":{"line":397,"column":3}},{"start":{},"end":{}}],"line":395},"42":{"loc":{"start":{"line":407,"column":2},"end":{"line":409,"column":3}},"type":"if","locations":[{"start":{"line":407,"column":2},"end":{"line":409,"column":3}},{"start":{},"end":{}}],"line":407},"43":{"loc":{"start":{"line":419,"column":2},"end":{"line":421,"column":3}},"type":"if","locations":[{"start":{"line":419,"column":2},"end":{"line":421,"column":3}},{"start":{},"end":{}}],"line":419},"44":{"loc":{"start":{"line":440,"column":2},"end":{"line":454,"column":3}},"type":"if","locations":[{"start":{"line":440,"column":2},"end":{"line":454,"column":3}},{"start":{},"end":{}}],"line":440},"45":{"loc":{"start":{"line":462,"column":2},"end":{"line":464,"column":3}},"type":"if","locations":[{"start":{"line":462,"column":2},"end":{"line":464,"column":3}},{"start":{},"end":{}}],"line":462},"46":{"loc":{"start":{"line":469,"column":2},"end":{"line":471,"column":3}},"type":"if","locations":[{"start":{"line":469,"column":2},"end":{"line":471,"column":3}},{"start":{},"end":{}}],"line":469},"47":{"loc":{"start":{"line":486,"column":2},"end":{"line":488,"column":3}},"type":"if","locations":[{"start":{"line":486,"column":2},"end":{"line":488,"column":3}},{"start":{},"end":{}}],"line":486},"48":{"loc":{"start":{"line":498,"column":2},"end":{"line":500,"column":3}},"type":"if","locations":[{"start":{"line":498,"column":2},"end":{"line":500,"column":3}},{"start":{},"end":{}}],"line":498},"49":{"loc":{"start":{"line":498,"column":6},"end":{"line":498,"column":58}},"type":"binary-expr","locations":[{"start":{"line":498,"column":6},"end":{"line":498,"column":27}},{"start":{"line":498,"column":31},"end":{"line":498,"column":58}}],"line":498},"50":{"loc":{"start":{"line":505,"column":2},"end":{"line":507,"column":3}},"type":"if","locations":[{"start":{"line":505,"column":2},"end":{"line":507,"column":3}},{"start":{},"end":{}}],"line":505},"51":{"loc":{"start":{"line":521,"column":2},"end":{"line":523,"column":3}},"type":"if","locations":[{"start":{"line":521,"column":2},"end":{"line":523,"column":3}},{"start":{},"end":{}}],"line":521},"52":{"loc":{"start":{"line":525,"column":2},"end":{"line":527,"column":3}},"type":"if","locations":[{"start":{"line":525,"column":2},"end":{"line":527,"column":3}},{"start":{},"end":{}}],"line":525},"53":{"loc":{"start":{"line":525,"column":6},"end":{"line":525,"column":58}},"type":"binary-expr","locations":[{"start":{"line":525,"column":6},"end":{"line":525,"column":27}},{"start":{"line":525,"column":31},"end":{"line":525,"column":58}}],"line":525},"54":{"loc":{"start":{"line":532,"column":2},"end":{"line":534,"column":3}},"type":"if","locations":[{"start":{"line":532,"column":2},"end":{"line":534,"column":3}},{"start":{},"end":{}}],"line":532},"55":{"loc":{"start":{"line":548,"column":2},"end":{"line":550,"column":3}},"type":"if","locations":[{"start":{"line":548,"column":2},"end":{"line":550,"column":3}},{"start":{},"end":{}}],"line":548},"56":{"loc":{"start":{"line":552,"column":2},"end":{"line":554,"column":3}},"type":"if","locations":[{"start":{"line":552,"column":2},"end":{"line":554,"column":3}},{"start":{},"end":{}}],"line":552},"57":{"loc":{"start":{"line":576,"column":2},"end":{"line":578,"column":3}},"type":"if","locations":[{"start":{"line":576,"column":2},"end":{"line":578,"column":3}},{"start":{},"end":{}}],"line":576},"58":{"loc":{"start":{"line":580,"column":2},"end":{"line":586,"column":3}},"type":"if","locations":[{"start":{"line":580,"column":2},"end":{"line":586,"column":3}},{"start":{},"end":{}}],"line":580},"59":{"loc":{"start":{"line":582,"column":3},"end":{"line":584,"column":4}},"type":"if","locations":[{"start":{"line":582,"column":3},"end":{"line":584,"column":4}},{"start":{},"end":{}}],"line":582},"60":{"loc":{"start":{"line":593,"column":2},"end":{"line":595,"column":3}},"type":"if","locations":[{"start":{"line":593,"column":2},"end":{"line":595,"column":3}},{"start":{},"end":{}}],"line":593},"61":{"loc":{"start":{"line":605,"column":2},"end":{"line":607,"column":3}},"type":"if","locations":[{"start":{"line":605,"column":2},"end":{"line":607,"column":3}},{"start":{},"end":{}}],"line":605},"62":{"loc":{"start":{"line":610,"column":3},"end":{"line":616,"column":4}},"type":"if","locations":[{"start":{"line":610,"column":3},"end":{"line":616,"column":4}},{"start":{"line":612,"column":10},"end":{"line":616,"column":4}}],"line":610},"63":{"loc":{"start":{"line":624,"column":2},"end":{"line":626,"column":3}},"type":"if","locations":[{"start":{"line":624,"column":2},"end":{"line":626,"column":3}},{"start":{},"end":{}}],"line":624},"64":{"loc":{"start":{"line":638,"column":2},"end":{"line":640,"column":3}},"type":"if","locations":[{"start":{"line":638,"column":2},"end":{"line":640,"column":3}},{"start":{},"end":{}}],"line":638},"65":{"loc":{"start":{"line":652,"column":2},"end":{"line":654,"column":3}},"type":"if","locations":[{"start":{"line":652,"column":2},"end":{"line":654,"column":3}},{"start":{},"end":{}}],"line":652},"66":{"loc":{"start":{"line":656,"column":2},"end":{"line":662,"column":3}},"type":"if","locations":[{"start":{"line":656,"column":2},"end":{"line":662,"column":3}},{"start":{"line":658,"column":9},"end":{"line":662,"column":3}}],"line":656},"67":{"loc":{"start":{"line":668,"column":2},"end":{"line":674,"column":3}},"type":"if","locations":[{"start":{"line":668,"column":2},"end":{"line":674,"column":3}},{"start":{},"end":{}}],"line":668},"68":{"loc":{"start":{"line":669,"column":3},"end":{"line":671,"column":27}},"type":"binary-expr","locations":[{"start":{"line":669,"column":3},"end":{"line":669,"column":26}},{"start":{"line":670,"column":3},"end":{"line":670,"column":38}},{"start":{"line":671,"column":3},"end":{"line":671,"column":27}}],"line":669},"69":{"loc":{"start":{"line":679,"column":2},"end":{"line":681,"column":3}},"type":"if","locations":[{"start":{"line":679,"column":2},"end":{"line":681,"column":3}},{"start":{},"end":{}}],"line":679},"70":{"loc":{"start":{"line":684,"column":3},"end":{"line":701,"column":4}},"type":"if","locations":[{"start":{"line":684,"column":3},"end":{"line":701,"column":4}},{"start":{},"end":{}}],"line":684},"71":{"loc":{"start":{"line":684,"column":7},"end":{"line":684,"column":57}},"type":"binary-expr","locations":[{"start":{"line":684,"column":7},"end":{"line":684,"column":13}},{"start":{"line":684,"column":17},"end":{"line":684,"column":57}}],"line":684},"72":{"loc":{"start":{"line":710,"column":2},"end":{"line":712,"column":3}},"type":"if","locations":[{"start":{"line":710,"column":2},"end":{"line":712,"column":3}},{"start":{},"end":{}}],"line":710},"73":{"loc":{"start":{"line":713,"column":2},"end":{"line":730,"column":3}},"type":"if","locations":[{"start":{"line":713,"column":2},"end":{"line":730,"column":3}},{"start":{},"end":{}}],"line":713},"74":{"loc":{"start":{"line":721,"column":4},"end":{"line":728,"column":5}},"type":"if","locations":[{"start":{"line":721,"column":4},"end":{"line":728,"column":5}},{"start":{},"end":{}}],"line":721},"75":{"loc":{"start":{"line":754,"column":2},"end":{"line":756,"column":3}},"type":"if","locations":[{"start":{"line":754,"column":2},"end":{"line":756,"column":3}},{"start":{},"end":{}}],"line":754},"76":{"loc":{"start":{"line":775,"column":2},"end":{"line":775,"column":42}},"type":"if","locations":[{"start":{"line":775,"column":2},"end":{"line":775,"column":42}},{"start":{},"end":{}}],"line":775},"77":{"loc":{"start":{"line":790,"column":2},"end":{"line":790,"column":34}},"type":"if","locations":[{"start":{"line":790,"column":2},"end":{"line":790,"column":34}},{"start":{},"end":{}}],"line":790}},"s":{"0":10,"1":10,"2":10,"3":10,"4":10,"5":10,"6":10,"7":10,"8":10,"9":10,"10":10,"11":10,"12":10,"13":10,"14":56,"15":56,"16":56,"17":0,"18":56,"19":56,"20":56,"21":56,"22":56,"23":56,"24":56,"25":56,"26":56,"27":56,"28":2,"29":2,"30":1,"31":1,"32":1,"33":2,"34":2,"35":2,"36":1,"37":4,"38":4,"39":2,"40":2,"41":2,"42":2,"43":4,"44":45,"45":3,"46":3,"47":0,"48":3,"49":3,"50":3,"51":1,"52":1,"53":0,"54":3,"55":3,"56":3,"57":0,"58":3,"59":3,"60":3,"61":3,"62":3,"63":3,"64":3,"65":0,"66":0,"67":1,"68":1,"69":1,"70":8,"71":27,"72":27,"73":0,"74":27,"75":2,"76":2,"77":0,"78":2,"79":1,"80":1,"81":1,"82":1,"83":1,"84":1,"85":0,"86":0,"87":1,"88":1,"89":0,"90":0,"91":1,"92":1,"93":1,"94":1,"95":1,"96":1,"97":1,"98":1,"99":1,"100":1,"101":5,"102":5,"103":2,"104":3,"105":3,"106":3,"107":3,"108":0,"109":3,"110":2,"111":2,"112":3,"113":3,"114":3,"115":1,"116":1,"117":0,"118":1,"119":0,"120":1,"121":1,"122":1,"123":1,"124":1,"125":1,"126":1,"127":1,"128":1,"129":11,"130":1,"131":10,"132":10,"133":10,"134":10,"135":10,"136":7,"137":7,"138":7,"139":6,"140":2,"141":2,"142":0,"143":2,"144":0,"145":2,"146":2,"147":2,"148":2,"149":0,"150":2,"151":0,"152":2,"153":2,"154":1,"155":0,"156":1,"157":1,"158":6,"159":23,"160":23,"161":23,"162":1,"163":1,"164":1,"165":0,"166":1,"167":1,"168":0,"169":0,"170":0,"171":0,"172":0,"173":1,"174":1,"175":0,"176":1,"177":1,"178":1,"179":1,"180":1,"181":1,"182":2,"183":2,"184":1,"185":1,"186":1,"187":1,"188":1,"189":1,"190":4,"191":4,"192":1,"193":3,"194":3,"195":0,"196":3,"197":3,"198":1,"199":4,"200":4,"201":0,"202":4,"203":2,"204":15,"205":15,"206":0,"207":15,"208":15,"209":0,"210":15,"211":15,"212":1,"213":1,"214":0,"215":1,"216":1,"217":0,"218":1,"219":1,"220":0,"221":1,"222":1,"223":1,"224":0,"225":1,"226":1,"227":0,"228":1,"229":1,"230":2,"231":3,"232":10,"233":10,"234":1,"235":9,"236":9,"237":9,"238":9,"239":0,"240":0,"241":4,"242":4,"243":1,"244":3,"245":2,"246":1,"247":1,"248":0,"249":1,"250":2,"251":0,"252":2,"253":2,"254":1,"255":1,"256":1,"257":0,"258":1,"259":2,"260":2,"261":1,"262":2,"263":2,"264":0,"265":2,"266":1,"267":1,"268":2,"269":3,"270":3,"271":1,"272":2,"273":1,"274":1,"275":2,"276":2,"277":4,"278":2,"279":2,"280":2,"281":0,"282":2,"283":2,"284":2,"285":2,"286":2,"287":2,"288":3,"289":3,"290":0,"291":3,"292":1,"293":1,"294":1,"295":1,"296":1,"297":0,"298":7,"299":1,"300":1,"301":1,"302":0,"303":1,"304":1,"305":1,"306":2,"307":2,"308":15,"309":15,"310":0,"311":15,"312":1,"313":1,"314":0,"315":1,"316":1,"317":10},"f":{"0":56,"1":56,"2":2,"3":2,"4":1,"5":4,"6":45,"7":3,"8":3,"9":1,"10":1,"11":1,"12":8,"13":27,"14":2,"15":1,"16":1,"17":1,"18":5,"19":1,"20":1,"21":11,"22":6,"23":2,"24":2,"25":1,"26":1,"27":6,"28":23,"29":1,"30":1,"31":1,"32":0,"33":0,"34":1,"35":1,"36":2,"37":4,"38":1,"39":4,"40":2,"41":15,"42":1,"43":1,"44":2,"45":3,"46":10,"47":4,"48":2,"49":1,"50":1,"51":2,"52":3,"53":4,"54":3,"55":0,"56":7,"57":1,"58":1,"59":1,"60":2,"61":2,"62":15,"63":1,"64":1},"b":{"0":[0,56],"1":[1,0],"2":[2,0],"3":[2,2],"4":[2,0],"5":[0,3],"6":[3,0],"7":[1,2],"8":[1,0],"9":[1,1],"10":[0,3],"11":[3,0],"12":[3,0],"13":[3,3],"14":[0,27],"15":[0,2],"16":[1,0],"17":[0,1],"18":[0,1],"19":[1,1],"20":[1,0],"21":[2,3],"22":[3,0],"23":[2,1],"24":[3,2],"25":[0,1],"26":[0,1],"27":[1,0],"28":[1,0],"29":[1,10],"30":[11,11,10],"31":[10,0],"32":[7,3],"33":[7,0],"34":[0,2],"35":[0,2],"36":[0,2],"37":[0,2],"38":[2,2,2],"39":[0,1],"40":[23,0],"41":[0,1],"42":[0,0],"43":[0,1],"44":[1,1],"45":[1,3],"46":[0,3],"47":[0,4],"48":[0,15],"49":[15,15],"50":[0,15],"51":[0,1],"52":[0,1],"53":[1,1],"54":[0,1],"55":[0,1],"56":[0,1],"57":[1,9],"58":[9,0],"59":[9,0],"60":[1,3],"61":[0,1],"62":[0,2],"63":[0,1],"64":[0,2],"65":[1,2],"66":[1,1],"67":[2,2],"68":[4,4,2],"69":[0,2],"70":[2,0],"71":[2,2],"72":[0,3],"73":[1,2],"74":[1,0],"75":[0,1],"76":[0,15],"77":[0,1]},"_coverageSchema":"1a1c01bbd47fc00a2c39e90264f33305004495a9","hash":"738045e8d3784523f81d2020c14c7a92f943d96b"}
,"/mnt/DATA/Polito/08 Software engineering I/05 Project/EzWh/code/server/classes/InternalOrder.js": {"path":"/mnt/DATA/Polito/08 Software engineering I/05 Project/EzWh/code/server/classes/InternalOrder.js","statementMap":{"0":{"start":{"line":4,"column":8},"end":{"line":4,"column":21}},"1":{"start":{"line":5,"column":8},"end":{"line":5,"column":35}},"2":{"start":{"line":6,"column":8},"end":{"line":6,"column":27}},"3":{"start":{"line":7,"column":8},"end":{"line":7,"column":37}},"4":{"start":{"line":8,"column":8},"end":{"line":8,"column":27}},"5":{"start":{"line":12,"column":8},"end":{"line":12,"column":23}},"6":{"start":{"line":16,"column":8},"end":{"line":16,"column":26}},"7":{"start":{"line":20,"column":8},"end":{"line":20,"column":65}},"8":{"start":{"line":20,"column":36},"end":{"line":20,"column":63}},"9":{"start":{"line":25,"column":0},"end":{"line":25,"column":31}}},"fnMap":{"0":{"name":"(anonymous_0)","decl":{"start":{"line":3,"column":4},"end":{"line":3,"column":5}},"loc":{"start":{"line":3,"column":50},"end":{"line":9,"column":5}},"line":3},"1":{"name":"(anonymous_1)","decl":{"start":{"line":11,"column":4},"end":{"line":11,"column":5}},"loc":{"start":{"line":11,"column":12},"end":{"line":13,"column":5}},"line":11},"2":{"name":"(anonymous_2)","decl":{"start":{"line":15,"column":4},"end":{"line":15,"column":5}},"loc":{"start":{"line":15,"column":15},"end":{"line":17,"column":5}},"line":15},"3":{"name":"(anonymous_3)","decl":{"start":{"line":19,"column":4},"end":{"line":19,"column":5}},"loc":{"start":{"line":19,"column":30},"end":{"line":21,"column":5}},"line":19},"4":{"name":"(anonymous_4)","decl":{"start":{"line":20,"column":25},"end":{"line":20,"column":26}},"loc":{"start":{"line":20,"column":36},"end":{"line":20,"column":63}},"line":20}},"branchMap":{},"s":{"0":7,"1":7,"2":7,"3":7,"4":7,"5":5,"6":4,"7":7,"8":7,"9":10},"f":{"0":7,"1":5,"2":4,"3":7,"4":7},"b":{},"_coverageSchema":"1a1c01bbd47fc00a2c39e90264f33305004495a9","hash":"8ede19836b3f3f0a4fe29c6a698b148b45856648"}
,"/mnt/DATA/Polito/08 Software engineering I/05 Project/EzWh/code/server/classes/Item.js": {"path":"/mnt/DATA/Polito/08 Software engineering I/05 Project/EzWh/code/server/classes/Item.js","statementMap":{"0":{"start":{"line":3,"column":2},"end":{"line":3,"column":15}},"1":{"start":{"line":4,"column":2},"end":{"line":4,"column":33}},"2":{"start":{"line":5,"column":2},"end":{"line":5,"column":21}},"3":{"start":{"line":6,"column":2},"end":{"line":6,"column":31}},"4":{"start":{"line":7,"column":2},"end":{"line":7,"column":21}},"5":{"start":{"line":11,"column":2},"end":{"line":11,"column":17}},"6":{"start":{"line":15,"column":2},"end":{"line":15,"column":26}},"7":{"start":{"line":19,"column":2},"end":{"line":19,"column":20}},"8":{"start":{"line":23,"column":2},"end":{"line":23,"column":25}},"9":{"start":{"line":27,"column":2},"end":{"line":27,"column":20}},"10":{"start":{"line":31,"column":0},"end":{"line":31,"column":22}}},"fnMap":{"0":{"name":"(anonymous_0)","decl":{"start":{"line":2,"column":1},"end":{"line":2,"column":2}},"loc":{"start":{"line":2,"column":63},"end":{"line":8,"column":2}},"line":2},"1":{"name":"(anonymous_1)","decl":{"start":{"line":10,"column":1},"end":{"line":10,"column":2}},"loc":{"start":{"line":10,"column":13},"end":{"line":12,"column":2}},"line":10},"2":{"name":"(anonymous_2)","decl":{"start":{"line":14,"column":1},"end":{"line":14,"column":2}},"loc":{"start":{"line":14,"column":18},"end":{"line":16,"column":2}},"line":14},"3":{"name":"(anonymous_3)","decl":{"start":{"line":18,"column":1},"end":{"line":18,"column":2}},"loc":{"start":{"line":18,"column":12},"end":{"line":20,"column":2}},"line":18},"4":{"name":"(anonymous_4)","decl":{"start":{"line":22,"column":1},"end":{"line":22,"column":2}},"loc":{"start":{"line":22,"column":17},"end":{"line":24,"column":2}},"line":22},"5":{"name":"(anonymous_5)","decl":{"start":{"line":26,"column":1},"end":{"line":26,"column":2}},"loc":{"start":{"line":26,"column":12},"end":{"line":28,"column":2}},"line":26}},"branchMap":{"0":{"loc":{"start":{"line":2,"column":52},"end":{"line":2,"column":61}},"type":"default-arg","locations":[{"start":{"line":2,"column":57},"end":{"line":2,"column":61}}],"line":2}},"s":{"0":19,"1":19,"2":19,"3":19,"4":19,"5":9,"6":9,"7":9,"8":19,"9":28,"10":10},"f":{"0":19,"1":9,"2":9,"3":9,"4":19,"5":28},"b":{"0":[3]},"_coverageSchema":"1a1c01bbd47fc00a2c39e90264f33305004495a9","hash":"39998447558b622376cb533c0077ab9fdeaff775"}
,"/mnt/DATA/Polito/08 Software engineering I/05 Project/EzWh/code/server/classes/Position.js": {"path":"/mnt/DATA/Polito/08 Software engineering I/05 Project/EzWh/code/server/classes/Position.js","statementMap":{"0":{"start":{"line":3,"column":2},"end":{"line":3,"column":83}},"1":{"start":{"line":4,"column":2},"end":{"line":4,"column":25}},"2":{"start":{"line":5,"column":2},"end":{"line":5,"column":17}},"3":{"start":{"line":6,"column":2},"end":{"line":6,"column":17}},"4":{"start":{"line":7,"column":2},"end":{"line":7,"column":29}},"5":{"start":{"line":8,"column":2},"end":{"line":8,"column":29}},"6":{"start":{"line":9,"column":2},"end":{"line":9,"column":39}},"7":{"start":{"line":10,"column":2},"end":{"line":10,"column":39}},"8":{"start":{"line":15,"column":2},"end":{"line":15,"column":31}},"9":{"start":{"line":16,"column":2},"end":{"line":16,"column":65}},"10":{"start":{"line":17,"column":2},"end":{"line":17,"column":61}},"11":{"start":{"line":18,"column":2},"end":{"line":18,"column":62}},"12":{"start":{"line":23,"column":2},"end":{"line":23,"column":24}},"13":{"start":{"line":27,"column":2},"end":{"line":27,"column":24}},"14":{"start":{"line":31,"column":2},"end":{"line":31,"column":25}},"15":{"start":{"line":35,"column":2},"end":{"line":35,"column":22}},"16":{"start":{"line":39,"column":2},"end":{"line":39,"column":18}},"17":{"start":{"line":43,"column":2},"end":{"line":43,"column":18}},"18":{"start":{"line":47,"column":2},"end":{"line":47,"column":29}},"19":{"start":{"line":51,"column":2},"end":{"line":51,"column":29}},"20":{"start":{"line":56,"column":0},"end":{"line":56,"column":26}}},"fnMap":{"0":{"name":"(anonymous_0)","decl":{"start":{"line":2,"column":1},"end":{"line":2,"column":2}},"loc":{"start":{"line":2,"column":94},"end":{"line":11,"column":2}},"line":2},"1":{"name":"(anonymous_1)","decl":{"start":{"line":13,"column":1},"end":{"line":13,"column":2}},"loc":{"start":{"line":13,"column":27},"end":{"line":20,"column":2}},"line":13},"2":{"name":"(anonymous_2)","decl":{"start":{"line":22,"column":1},"end":{"line":22,"column":2}},"loc":{"start":{"line":22,"column":15},"end":{"line":24,"column":2}},"line":22},"3":{"name":"(anonymous_3)","decl":{"start":{"line":26,"column":1},"end":{"line":26,"column":2}},"loc":{"start":{"line":26,"column":15},"end":{"line":28,"column":2}},"line":26},"4":{"name":"(anonymous_4)","decl":{"start":{"line":30,"column":1},"end":{"line":30,"column":2}},"loc":{"start":{"line":30,"column":16},"end":{"line":32,"column":2}},"line":30},"5":{"name":"(anonymous_5)","decl":{"start":{"line":34,"column":1},"end":{"line":34,"column":2}},"loc":{"start":{"line":34,"column":13},"end":{"line":36,"column":2}},"line":34},"6":{"name":"(anonymous_6)","decl":{"start":{"line":38,"column":1},"end":{"line":38,"column":2}},"loc":{"start":{"line":38,"column":9},"end":{"line":40,"column":2}},"line":38},"7":{"name":"(anonymous_7)","decl":{"start":{"line":42,"column":1},"end":{"line":42,"column":2}},"loc":{"start":{"line":42,"column":9},"end":{"line":44,"column":2}},"line":42},"8":{"name":"(anonymous_8)","decl":{"start":{"line":46,"column":1},"end":{"line":46,"column":2}},"loc":{"start":{"line":46,"column":20},"end":{"line":48,"column":2}},"line":46},"9":{"name":"(anonymous_9)","decl":{"start":{"line":50,"column":1},"end":{"line":50,"column":2}},"loc":{"start":{"line":50,"column":20},"end":{"line":52,"column":2}},"line":50}},"branchMap":{"0":{"loc":{"start":{"line":2,"column":54},"end":{"line":2,"column":72}},"type":"default-arg","locations":[{"start":{"line":2,"column":71},"end":{"line":2,"column":72}}],"line":2},"1":{"loc":{"start":{"line":2,"column":74},"end":{"line":2,"column":92}},"type":"default-arg","locations":[{"start":{"line":2,"column":91},"end":{"line":2,"column":92}}],"line":2}},"s":{"0":9,"1":9,"2":9,"3":9,"4":9,"5":9,"6":9,"7":9,"8":1,"9":1,"10":1,"11":1,"12":6,"13":6,"14":3,"15":2,"16":2,"17":2,"18":2,"19":2,"20":10},"f":{"0":9,"1":1,"2":6,"3":6,"4":3,"5":2,"6":2,"7":2,"8":2,"9":2},"b":{"0":[0],"1":[0]},"_coverageSchema":"1a1c01bbd47fc00a2c39e90264f33305004495a9","hash":"a351053fc9211bfb913e9bd8b9e83171d0d2fbee"}
,"/mnt/DATA/Polito/08 Software engineering I/05 Project/EzWh/code/server/classes/RestockOrder.js": {"path":"/mnt/DATA/Polito/08 Software engineering I/05 Project/EzWh/code/server/classes/RestockOrder.js","statementMap":{"0":{"start":{"line":1,"column":14},"end":{"line":1,"column":30}},"1":{"start":{"line":2,"column":22},"end":{"line":2,"column":61}},"2":{"start":{"line":3,"column":0},"end":{"line":3,"column":30}},"3":{"start":{"line":4,"column":22},"end":{"line":4,"column":48}},"4":{"start":{"line":5,"column":13},"end":{"line":5,"column":30}},"5":{"start":{"line":6,"column":16},"end":{"line":6,"column":36}},"6":{"start":{"line":10,"column":2},"end":{"line":10,"column":15}},"7":{"start":{"line":11,"column":2},"end":{"line":11,"column":29}},"8":{"start":{"line":12,"column":2},"end":{"line":12,"column":21}},"9":{"start":{"line":13,"column":2},"end":{"line":13,"column":31}},"10":{"start":{"line":14,"column":2},"end":{"line":14,"column":37}},"11":{"start":{"line":15,"column":2},"end":{"line":15,"column":21}},"12":{"start":{"line":16,"column":2},"end":{"line":16,"column":21}},"13":{"start":{"line":20,"column":2},"end":{"line":20,"column":28}},"14":{"start":{"line":24,"column":2},"end":{"line":24,"column":29}},"15":{"start":{"line":25,"column":2},"end":{"line":25,"column":9}},"16":{"start":{"line":29,"column":2},"end":{"line":29,"column":58}},"17":{"start":{"line":29,"column":29},"end":{"line":29,"column":56}},"18":{"start":{"line":33,"column":2},"end":{"line":33,"column":23}},"19":{"start":{"line":37,"column":2},"end":{"line":37,"column":20}},"20":{"start":{"line":41,"column":2},"end":{"line":41,"column":24}},"21":{"start":{"line":45,"column":2},"end":{"line":45,"column":17}},"22":{"start":{"line":49,"column":2},"end":{"line":49,"column":56}},"23":{"start":{"line":49,"column":27},"end":{"line":49,"column":54}},"24":{"start":{"line":53,"column":0},"end":{"line":53,"column":30}}},"fnMap":{"0":{"name":"(anonymous_0)","decl":{"start":{"line":9,"column":1},"end":{"line":9,"column":2}},"loc":{"start":{"line":9,"column":62},"end":{"line":17,"column":2}},"line":9},"1":{"name":"(anonymous_1)","decl":{"start":{"line":19,"column":1},"end":{"line":19,"column":2}},"loc":{"start":{"line":19,"column":20},"end":{"line":21,"column":2}},"line":19},"2":{"name":"(anonymous_2)","decl":{"start":{"line":23,"column":1},"end":{"line":23,"column":2}},"loc":{"start":{"line":23,"column":25},"end":{"line":26,"column":2}},"line":23},"3":{"name":"(anonymous_3)","decl":{"start":{"line":28,"column":1},"end":{"line":28,"column":2}},"loc":{"start":{"line":28,"column":22},"end":{"line":30,"column":2}},"line":28},"4":{"name":"(anonymous_4)","decl":{"start":{"line":29,"column":18},"end":{"line":29,"column":19}},"loc":{"start":{"line":29,"column":29},"end":{"line":29,"column":56}},"line":29},"5":{"name":"(anonymous_5)","decl":{"start":{"line":32,"column":1},"end":{"line":32,"column":2}},"loc":{"start":{"line":32,"column":18},"end":{"line":34,"column":2}},"line":32},"6":{"name":"(anonymous_6)","decl":{"start":{"line":36,"column":1},"end":{"line":36,"column":2}},"loc":{"start":{"line":36,"column":12},"end":{"line":38,"column":2}},"line":36},"7":{"name":"(anonymous_7)","decl":{"start":{"line":40,"column":1},"end":{"line":40,"column":2}},"loc":{"start":{"line":40,"column":15},"end":{"line":42,"column":2}},"line":40},"8":{"name":"(anonymous_8)","decl":{"start":{"line":44,"column":1},"end":{"line":44,"column":2}},"loc":{"start":{"line":44,"column":8},"end":{"line":46,"column":2}},"line":44},"9":{"name":"(anonymous_9)","decl":{"start":{"line":48,"column":1},"end":{"line":48,"column":2}},"loc":{"start":{"line":48,"column":19},"end":{"line":50,"column":2}},"line":48},"10":{"name":"(anonymous_10)","decl":{"start":{"line":49,"column":16},"end":{"line":49,"column":17}},"loc":{"start":{"line":49,"column":27},"end":{"line":49,"column":54}},"line":49}},"branchMap":{},"s":{"0":10,"1":10,"2":10,"3":10,"4":10,"5":10,"6":12,"7":12,"8":12,"9":12,"10":12,"11":12,"12":12,"13":3,"14":3,"15":3,"16":2,"17":2,"18":1,"19":9,"20":4,"21":7,"22":5,"23":5,"24":10},"f":{"0":12,"1":3,"2":3,"3":2,"4":2,"5":1,"6":9,"7":4,"8":7,"9":5,"10":5},"b":{},"_coverageSchema":"1a1c01bbd47fc00a2c39e90264f33305004495a9","hash":"9d3b1d1642b379f58694ae65bdb9ea2c762c7a53"}
,"/mnt/DATA/Polito/08 Software engineering I/05 Project/EzWh/code/server/classes/ReturnOrder.js": {"path":"/mnt/DATA/Polito/08 Software engineering I/05 Project/EzWh/code/server/classes/ReturnOrder.js","statementMap":{"0":{"start":{"line":4,"column":8},"end":{"line":4,"column":21}},"1":{"start":{"line":5,"column":8},"end":{"line":5,"column":32}},"2":{"start":{"line":6,"column":8},"end":{"line":6,"column":27}},"3":{"start":{"line":7,"column":8},"end":{"line":7,"column":37}},"4":{"start":{"line":8,"column":8},"end":{"line":8,"column":33}},"5":{"start":{"line":12,"column":8},"end":{"line":12,"column":23}},"6":{"start":{"line":16,"column":8},"end":{"line":16,"column":65}},"7":{"start":{"line":16,"column":36},"end":{"line":16,"column":63}},"8":{"start":{"line":20,"column":0},"end":{"line":20,"column":29}}},"fnMap":{"0":{"name":"(anonymous_0)","decl":{"start":{"line":3,"column":4},"end":{"line":3,"column":5}},"loc":{"start":{"line":3,"column":63},"end":{"line":9,"column":5}},"line":3},"1":{"name":"(anonymous_1)","decl":{"start":{"line":11,"column":4},"end":{"line":11,"column":5}},"loc":{"start":{"line":11,"column":11},"end":{"line":13,"column":5}},"line":11},"2":{"name":"(anonymous_2)","decl":{"start":{"line":15,"column":4},"end":{"line":15,"column":5}},"loc":{"start":{"line":15,"column":25},"end":{"line":17,"column":5}},"line":15},"3":{"name":"(anonymous_3)","decl":{"start":{"line":16,"column":25},"end":{"line":16,"column":26}},"loc":{"start":{"line":16,"column":36},"end":{"line":16,"column":63}},"line":16}},"branchMap":{"0":{"loc":{"start":{"line":3,"column":30},"end":{"line":3,"column":47}},"type":"default-arg","locations":[{"start":{"line":3,"column":43},"end":{"line":3,"column":47}}],"line":3},"1":{"loc":{"start":{"line":3,"column":49},"end":{"line":3,"column":62}},"type":"default-arg","locations":[{"start":{"line":3,"column":60},"end":{"line":3,"column":62}}],"line":3}},"s":{"0":3,"1":3,"2":3,"3":3,"4":3,"5":2,"6":1,"7":1,"8":10},"f":{"0":3,"1":2,"2":1,"3":1},"b":{"0":[0],"1":[2]},"_coverageSchema":"1a1c01bbd47fc00a2c39e90264f33305004495a9","hash":"b247b17b985d9bc38fcefdec9b549f40ebb00e8b"}
,"/mnt/DATA/Polito/08 Software engineering I/05 Project/EzWh/code/server/classes/SKU.js": {"path":"/mnt/DATA/Polito/08 Software engineering I/05 Project/EzWh/code/server/classes/SKU.js","statementMap":{"0":{"start":{"line":1,"column":16},"end":{"line":1,"column":36}},"1":{"start":{"line":13,"column":2},"end":{"line":13,"column":15}},"2":{"start":{"line":14,"column":2},"end":{"line":14,"column":33}},"3":{"start":{"line":15,"column":2},"end":{"line":15,"column":23}},"4":{"start":{"line":16,"column":2},"end":{"line":16,"column":23}},"5":{"start":{"line":17,"column":2},"end":{"line":17,"column":21}},"6":{"start":{"line":18,"column":2},"end":{"line":18,"column":21}},"7":{"start":{"line":19,"column":2},"end":{"line":19,"column":27}},"8":{"start":{"line":20,"column":2},"end":{"line":20,"column":45}},"9":{"start":{"line":21,"column":2},"end":{"line":21,"column":28}},"10":{"start":{"line":25,"column":2},"end":{"line":25,"column":17}},"11":{"start":{"line":29,"column":2},"end":{"line":29,"column":23}},"12":{"start":{"line":33,"column":2},"end":{"line":33,"column":26}},"13":{"start":{"line":37,"column":2},"end":{"line":37,"column":21}},"14":{"start":{"line":41,"column":2},"end":{"line":41,"column":21}},"15":{"start":{"line":45,"column":2},"end":{"line":45,"column":20}},"16":{"start":{"line":49,"column":2},"end":{"line":49,"column":20}},"17":{"start":{"line":53,"column":2},"end":{"line":53,"column":32}},"18":{"start":{"line":57,"column":2},"end":{"line":59,"column":5}},"19":{"start":{"line":58,"column":3},"end":{"line":58,"column":33}},"20":{"start":{"line":63,"column":0},"end":{"line":63,"column":21}}},"fnMap":{"0":{"name":"(anonymous_0)","decl":{"start":{"line":3,"column":1},"end":{"line":3,"column":2}},"loc":{"start":{"line":12,"column":3},"end":{"line":22,"column":2}},"line":12},"1":{"name":"(anonymous_1)","decl":{"start":{"line":24,"column":1},"end":{"line":24,"column":2}},"loc":{"start":{"line":24,"column":9},"end":{"line":26,"column":2}},"line":24},"2":{"name":"(anonymous_2)","decl":{"start":{"line":28,"column":1},"end":{"line":28,"column":2}},"loc":{"start":{"line":28,"column":15},"end":{"line":30,"column":2}},"line":28},"3":{"name":"(anonymous_3)","decl":{"start":{"line":32,"column":1},"end":{"line":32,"column":2}},"loc":{"start":{"line":32,"column":17},"end":{"line":34,"column":2}},"line":32},"4":{"name":"(anonymous_4)","decl":{"start":{"line":36,"column":1},"end":{"line":36,"column":2}},"loc":{"start":{"line":36,"column":12},"end":{"line":38,"column":2}},"line":36},"5":{"name":"(anonymous_5)","decl":{"start":{"line":40,"column":1},"end":{"line":40,"column":2}},"loc":{"start":{"line":40,"column":12},"end":{"line":42,"column":2}},"line":40},"6":{"name":"(anonymous_6)","decl":{"start":{"line":44,"column":1},"end":{"line":44,"column":2}},"loc":{"start":{"line":44,"column":11},"end":{"line":46,"column":2}},"line":44},"7":{"name":"(anonymous_7)","decl":{"start":{"line":48,"column":1},"end":{"line":48,"column":2}},"loc":{"start":{"line":48,"column":11},"end":{"line":50,"column":2}},"line":48},"8":{"name":"(anonymous_8)","decl":{"start":{"line":52,"column":1},"end":{"line":52,"column":2}},"loc":{"start":{"line":52,"column":23},"end":{"line":54,"column":2}},"line":52},"9":{"name":"(anonymous_9)","decl":{"start":{"line":56,"column":1},"end":{"line":56,"column":2}},"loc":{"start":{"line":56,"column":24},"end":{"line":60,"column":2}},"line":56},"10":{"name":"(anonymous_10)","decl":{"start":{"line":57,"column":14},"end":{"line":57,"column":15}},"loc":{"start":{"line":57,"column":20},"end":{"line":59,"column":3}},"line":57}},"branchMap":{"0":{"loc":{"start":{"line":8,"column":2},"end":{"line":8,"column":14}},"type":"default-arg","locations":[{"start":{"line":8,"column":10},"end":{"line":8,"column":14}}],"line":8},"1":{"loc":{"start":{"line":9,"column":2},"end":{"line":9,"column":17}},"type":"default-arg","locations":[{"start":{"line":9,"column":13},"end":{"line":9,"column":17}}],"line":9},"2":{"loc":{"start":{"line":10,"column":2},"end":{"line":10,"column":11}},"type":"default-arg","locations":[{"start":{"line":10,"column":7},"end":{"line":10,"column":11}}],"line":10},"3":{"loc":{"start":{"line":11,"column":2},"end":{"line":11,"column":23}},"type":"default-arg","locations":[{"start":{"line":11,"column":22},"end":{"line":11,"column":23}}],"line":11}},"s":{"0":10,"1":109,"2":109,"3":109,"4":109,"5":109,"6":109,"7":109,"8":109,"9":109,"10":4,"11":3,"12":47,"13":50,"14":50,"15":47,"16":47,"17":55,"18":4,"19":0,"20":10},"f":{"0":109,"1":4,"2":3,"3":47,"4":50,"5":50,"6":47,"7":47,"8":55,"9":4,"10":0},"b":{"0":[0],"1":[0],"2":[0],"3":[0]},"_coverageSchema":"1a1c01bbd47fc00a2c39e90264f33305004495a9","hash":"2e9df5566223a0192db69b5e0de6a7f2e1143fdc"}
,"/mnt/DATA/Polito/08 Software engineering I/05 Project/EzWh/code/server/classes/SKUItem.js": {"path":"/mnt/DATA/Polito/08 Software engineering I/05 Project/EzWh/code/server/classes/SKUItem.js","statementMap":{"0":{"start":{"line":1,"column":14},"end":{"line":1,"column":30}},"1":{"start":{"line":2,"column":19},"end":{"line":2,"column":42}},"2":{"start":{"line":5,"column":2},"end":{"line":5,"column":19}},"3":{"start":{"line":6,"column":2},"end":{"line":6,"column":29}},"4":{"start":{"line":7,"column":2},"end":{"line":7,"column":21}},"5":{"start":{"line":8,"column":2},"end":{"line":8,"column":33}},"6":{"start":{"line":12,"column":2},"end":{"line":12,"column":24}},"7":{"start":{"line":16,"column":2},"end":{"line":16,"column":20}},"8":{"start":{"line":20,"column":2},"end":{"line":20,"column":19}},"9":{"start":{"line":24,"column":2},"end":{"line":24,"column":26}},"10":{"start":{"line":29,"column":0},"end":{"line":29,"column":25}}},"fnMap":{"0":{"name":"(anonymous_0)","decl":{"start":{"line":4,"column":1},"end":{"line":4,"column":2}},"loc":{"start":{"line":4,"column":77},"end":{"line":9,"column":2}},"line":4},"1":{"name":"(anonymous_1)","decl":{"start":{"line":11,"column":1},"end":{"line":11,"column":2}},"loc":{"start":{"line":11,"column":15},"end":{"line":13,"column":2}},"line":11},"2":{"name":"(anonymous_2)","decl":{"start":{"line":15,"column":1},"end":{"line":15,"column":2}},"loc":{"start":{"line":15,"column":12},"end":{"line":17,"column":2}},"line":15},"3":{"name":"(anonymous_3)","decl":{"start":{"line":19,"column":1},"end":{"line":19,"column":2}},"loc":{"start":{"line":19,"column":15},"end":{"line":21,"column":2}},"line":19},"4":{"name":"(anonymous_4)","decl":{"start":{"line":23,"column":1},"end":{"line":23,"column":2}},"loc":{"start":{"line":23,"column":17},"end":{"line":25,"column":2}},"line":23}},"branchMap":{"0":{"loc":{"start":{"line":4,"column":20},"end":{"line":4,"column":37}},"type":"default-arg","locations":[{"start":{"line":4,"column":32},"end":{"line":4,"column":37}}],"line":4},"1":{"loc":{"start":{"line":4,"column":39},"end":{"line":4,"column":57}},"type":"default-arg","locations":[{"start":{"line":4,"column":53},"end":{"line":4,"column":57}}],"line":4},"2":{"loc":{"start":{"line":4,"column":59},"end":{"line":4,"column":75}},"type":"default-arg","locations":[{"start":{"line":4,"column":66},"end":{"line":4,"column":75}}],"line":4}},"s":{"0":10,"1":10,"2":60,"3":60,"4":60,"5":60,"6":0,"7":98,"8":54,"9":28,"10":10},"f":{"0":60,"1":0,"2":98,"3":54,"4":28},"b":{"0":[0],"1":[0],"2":[0]},"_coverageSchema":"1a1c01bbd47fc00a2c39e90264f33305004495a9","hash":"2fa741fa056c5c075948e4c146f65e5439622a76"}
,"/mnt/DATA/Polito/08 Software engineering I/05 Project/EzWh/code/server/classes/TestDescriptor.js": {"path":"/mnt/DATA/Polito/08 Software engineering I/05 Project/EzWh/code/server/classes/TestDescriptor.js","statementMap":{"0":{"start":{"line":3,"column":8},"end":{"line":3,"column":21}},"1":{"start":{"line":4,"column":8},"end":{"line":4,"column":25}},"2":{"start":{"line":5,"column":8},"end":{"line":5,"column":57}},"3":{"start":{"line":6,"column":8},"end":{"line":6,"column":27}},"4":{"start":{"line":11,"column":0},"end":{"line":11,"column":32}}},"fnMap":{"0":{"name":"(anonymous_0)","decl":{"start":{"line":2,"column":4},"end":{"line":2,"column":5}},"loc":{"start":{"line":2,"column":54},"end":{"line":7,"column":5}},"line":2}},"branchMap":{},"s":{"0":3,"1":3,"2":3,"3":3,"4":10},"f":{"0":3},"b":{},"_coverageSchema":"1a1c01bbd47fc00a2c39e90264f33305004495a9","hash":"43adf935abd8bb8ad3ff1bfca94fcbb376de9b1b"}
,"/mnt/DATA/Polito/08 Software engineering I/05 Project/EzWh/code/server/classes/TestResult.js": {"path":"/mnt/DATA/Polito/08 Software engineering I/05 Project/EzWh/code/server/classes/TestResult.js","statementMap":{"0":{"start":{"line":1,"column":14},"end":{"line":1,"column":30}},"1":{"start":{"line":4,"column":2},"end":{"line":4,"column":15}},"2":{"start":{"line":5,"column":2},"end":{"line":5,"column":19}},"3":{"start":{"line":6,"column":2},"end":{"line":6,"column":43}},"4":{"start":{"line":7,"column":2},"end":{"line":7,"column":23}},"5":{"start":{"line":11,"column":2},"end":{"line":11,"column":21}},"6":{"start":{"line":18,"column":0},"end":{"line":18,"column":28}}},"fnMap":{"0":{"name":"(anonymous_0)","decl":{"start":{"line":3,"column":1},"end":{"line":3,"column":2}},"loc":{"start":{"line":3,"column":49},"end":{"line":8,"column":2}},"line":3},"1":{"name":"(anonymous_1)","decl":{"start":{"line":10,"column":1},"end":{"line":10,"column":2}},"loc":{"start":{"line":10,"column":13},"end":{"line":12,"column":2}},"line":10}},"branchMap":{},"s":{"0":10,"1":12,"2":12,"3":12,"4":12,"5":1,"6":10},"f":{"0":12,"1":1},"b":{},"_coverageSchema":"1a1c01bbd47fc00a2c39e90264f33305004495a9","hash":"c456616786e46b3697e253e300b2f018666c1dfd"}
[...]
":{"name":"(anonymous_3)","decl":{"start":{"line":16,"column":28},"end":{"line":16,"column":29}},"loc":{"start":{"line":16,"column":43},"end":{"line":35,"column":4}},"line":16},"4":{"name":"(anonymous_4)","decl":{"start":{"line":24,"column":7},"end":{"line":24,"column":8}},"loc":{"start":{"line":25,"column":8},"end":{"line":30,"column":9}},"line":25},"5":{"name":"(anonymous_5)","decl":{"start":{"line":39,"column":1},"end":{"line":39,"column":2}},"loc":{"start":{"line":39,"column":36},"end":{"line":63,"column":2}},"line":39},"6":{"name":"(anonymous_6)","decl":{"start":{"line":40,"column":21},"end":{"line":40,"column":22}},"loc":{"start":{"line":40,"column":42},"end":{"line":62,"column":3}},"line":40},"7":{"name":"(anonymous_7)","decl":{"start":{"line":45,"column":32},"end":{"line":45,"column":33}},"loc":{"start":{"line":45,"column":46},"end":{"line":61,"column":4}},"line":45},"8":{"name":"(anonymous_8)","decl":{"start":{"line":65,"column":1},"end":{"line":65,"column":2}},"loc":{"start":{"line":65,"column":47},"end":{"line":78,"column":2}},"line":65},"9":{"name":"(anonymous_9)","decl":{"start":{"line":66,"column":21},"end":{"line":66,"column":22}},"loc":{"start":{"line":66,"column":42},"end":{"line":77,"column":3}},"line":66},"10":{"name":"(anonymous_10)","decl":{"start":{"line":70,"column":54},"end":{"line":70,"column":55}},"loc":{"start":{"line":70,"column":69},"end":{"line":76,"column":4}},"line":70},"11":{"name":"(anonymous_11)","decl":{"start":{"line":80,"column":1},"end":{"line":80,"column":2}},"loc":{"start":{"line":80,"column":43},"end":{"line":92,"column":2}},"line":80},"12":{"name":"(anonymous_12)","decl":{"start":{"line":81,"column":21},"end":{"line":81,"column":22}},"loc":{"start":{"line":81,"column":42},"end":{"line":91,"column":3}},"line":81},"13":{"name":"(anonymous_13)","decl":{"start":{"line":84,"column":42},"end":{"line":84,"column":43}},"loc":{"start":{"line":84,"column":51},"end":{"line":90,"column":4}},"line":84},"14":{"name":"(anonymous_14)","decl":{"start":{"line":94,"column":1},"end":{"line":94,"column":2}},"loc":{"start":{"line":94,"column":61},"end":{"line":110,"column":2}},"line":94},"15":{"name":"(anonymous_15)","decl":{"start":{"line":95,"column":21},"end":{"line":95,"column":22}},"loc":{"start":{"line":95,"column":42},"end":{"line":109,"column":3}},"line":95},"16":{"name":"(anonymous_16)","decl":{"start":{"line":102,"column":67},"end":{"line":102,"column":68}},"loc":{"start":{"line":102,"column":76},"end":{"line":108,"column":4}},"line":102},"17":{"name":"(anonymous_17)","decl":{"start":{"line":112,"column":1},"end":{"line":112,"column":2}},"loc":{"start":{"line":112,"column":22},"end":{"line":123,"column":2}},"line":112},"18":{"name":"(anonymous_18)","decl":{"start":{"line":113,"column":21},"end":{"line":113,"column":22}},"loc":{"start":{"line":113,"column":42},"end":{"line":122,"column":3}},"line":113},"19":{"name":"(anonymous_19)","decl":{"start":{"line":115,"column":26},"end":{"line":115,"column":27}},"loc":{"start":{"line":115,"column":35},"end":{"line":121,"column":4}},"line":115},"20":{"name":"(anonymous_20)","decl":{"start":{"line":125,"column":1},"end":{"line":125,"column":2}},"loc":{"start":{"line":125,"column":37},"end":{"line":137,"column":2}},"line":125},"21":{"name":"(anonymous_21)","decl":{"start":{"line":126,"column":21},"end":{"line":126,"column":22}},"loc":{"start":{"line":126,"column":42},"end":{"line":136,"column":3}},"line":126},"22":{"name":"(anonymous_22)","decl":{"start":{"line":129,"column":33},"end":{"line":129,"column":34}},"loc":{"start":{"line":129,"column":42},"end":{"line":135,"column":4}},"line":129}},"branchMap":{"0":{"loc":{"start":{"line":17,"column":4},"end":{"line":34,"column":8}},"type":"if","locations":[{"start":{"line":17,"column":4},"end":{"line":34,"column":8}},{"start":{"line":19,"column":11},"end":{"line":34,"column":8}}],"line":17},"1":{"loc":{"start":{"line":20,"column":5},"end":{"line":33,"column":9}},"type":"if","locations":[{"start":{"line":20,"column":5},"end":{"line":33,"column":9}},{"start":{"line":22,"column":12},"end":{"line":33,"column":9}}],"line":20},"2":{"loc":{"start":{"line":27,"column":9},"end":{"line":27,"column":40}},"type":"cond-expr","locations":[{"start":{"line":27,"column":28},"end":{"line":27,"column":32}},{"start":{"line":27,"column":35},"end":{"line":27,"column":40}}],"line":27},"3":{"loc":{"start":{"line":46,"column":4},"end":{"line":60,"column":5}},"type":"if","locations":[{"start":{"line":46,"column":4},"end":{"line":60,"column":5}},{"start":{"line":48,"column":11},"end":{"line":60,"column":5}}],"line":46},"4":{"loc":{"start":{"line":49,"column":5},"end":{"line":59,"column":6}},"type":"if","locations":[{"start":{"line":49,"column":5},"end":{"line":59,"column":6}},{"start":{"line":51,"column":12},"end":{"line":59,"column":6}}],"line":49},"5":{"loc":{"start":{"line":54,"column":7},"end":{"line":54,"column":38}},"type":"cond-expr","locations":[{"start":{"line":54,"column":26},"end":{"line":54,"column":30}},{"start":{"line":54,"column":33},"end":{"line":54,"column":38}}],"line":54},"6":{"loc":{"start":{"line":71,"column":4},"end":{"line":75,"column":5}},"type":"if","locations":[{"start":{"line":71,"column":4},"end":{"line":75,"column":5}},{"start":{"line":73,"column":11},"end":{"line":75,"column":5}}],"line":71},"7":{"loc":{"start":{"line":85,"column":4},"end":{"line":89,"column":5}},"type":"if","locations":[{"start":{"line":85,"column":4},"end":{"line":89,"column":5}},{"start":{"line":87,"column":11},"end":{"line":89,"column":5}}],"line":85},"8":{"loc":{"start":{"line":103,"column":4},"end":{"line":107,"column":5}},"type":"if","locations":[{"start":{"line":103,"column":4},"end":{"line":107,"column":5}},{"start":{"line":105,"column":11},"end":{"line":107,"column":5}}],"line":103},"9":{"loc":{"start":{"line":116,"column":4},"end":{"line":120,"column":5}},"type":"if","locations":[{"start":{"line":116,"column":4},"end":{"line":120,"column":5}},{"start":{"line":118,"column":11},"end":{"line":120,"column":5}}],"line":116},"10":{"loc":{"start":{"line":130,"column":4},"end":{"line":134,"column":5}},"type":"if","locations":[{"start":{"line":130,"column":4},"end":{"line":134,"column":5}},{"start":{"line":132,"column":11},"end":{"line":134,"column":5}}],"line":130}},"s":{"0":10,"1":10,"2":56,"3":5,"4":5,"5":5,"6":5,"7":0,"8":5,"9":0,"10":5,"11":8,"12":5,"13":4,"14":4,"15":4,"16":4,"17":0,"18":4,"19":0,"20":4,"21":4,"22":15,"23":15,"24":15,"25":15,"26":0,"27":15,"28":15,"29":15,"30":15,"31":15,"32":0,"33":15,"34":1,"35":1,"36":1,"37":1,"38":0,"39":1,"40":1,"41":1,"42":1,"43":1,"44":0,"45":1,"46":1,"47":1,"48":1,"49":1,"50":0,"51":1,"52":10},"f":{"0":56,"1":5,"2":5,"3":5,"4":8,"5":4,"6":4,"7":4,"8":15,"9":15,"10":15,"11":15,"12":15,"13":15,"14":1,"15":1,"16":1,"17":1,"18":1,"19":1,"20":1,"21":1,"22":1},"b":{"0":[0,5],"1":[0,5],"2":[4,4],"3":[0,4],"4":[0,4],"5":[3,1],"6":[0,15],"7":[0,15],"8":[0,1],"9":[0,1],"10":[0,1]},"_coverageSchema":"1a1c01bbd47fc00a2c39e90264f33305004495a9","hash":"1dd49899358f917840cf1ce6c378edd0007d11ac"}
,"/mnt/DATA/Polito/08 Software engineering I/05 Project/EzWh/code/server/classes/DAOs/UserDAO.js": {"path":"/mnt/DATA/Polito/08 Software engineering I/05 Project/EzWh/code/server/classes/DAOs/UserDAO.js","statementMap":{"0":{"start":{"line":1,"column":15},"end":{"line":1,"column":33}},"1":{"start":{"line":2,"column":13},"end":{"line":2,"column":31}},"2":{"start":{"line":6,"column":2},"end":{"line":6,"column":15}},"3":{"start":{"line":10,"column":2},"end":{"line":29,"column":5}},"4":{"start":{"line":11,"column":15},"end":{"line":11,"column":57}},"5":{"start":{"line":12,"column":3},"end":{"line":28,"column":6}},"6":{"start":{"line":13,"column":4},"end":{"line":27,"column":5}},"7":{"start":{"line":14,"column":5},"end":{"line":14,"column":17}},"8":{"start":{"line":16,"column":19},"end":{"line":25,"column":7}},"9":{"start":{"line":17,"column":6},"end":{"line":24,"column":8}},"10":{"start":{"line":26,"column":5},"end":{"line":26,"column":20}},"11":{"start":{"line":33,"column":2},"end":{"line":55,"column":5}},"12":{"start":{"line":34,"column":15},"end":{"line":34,"column":73}},"13":{"start":{"line":35,"column":3},"end":{"line":54,"column":6}},"14":{"start":{"line":36,"column":4},"end":{"line":53,"column":5}},"15":{"start":{"line":37,"column":5},"end":{"line":37,"column":17}},"16":{"start":{"line":39,"column":5},"end":{"line":52,"column":6}},"17":{"start":{"line":40,"column":6},"end":{"line":40,"column":25}},"18":{"start":{"line":42,"column":6},"end":{"line":51,"column":8}},"19":{"start":{"line":59,"column":2},"end":{"line":79,"column":5}},"20":{"start":{"line":61,"column":4},"end":{"line":61,"column":87}},"21":{"start":{"line":62,"column":3},"end":{"line":78,"column":5}},"22":{"start":{"line":72,"column":5},"end":{"line":76,"column":6}},"23":{"start":{"line":73,"column":6},"end":{"line":73,"column":18}},"24":{"start":{"line":75,"column":6},"end":{"line":75,"column":20}},"25":{"start":{"line":83,"column":2},"end":{"line":111,"column":5}},"26":{"start":{"line":84,"column":15},"end":{"line":84,"column":56}},"27":{"start":{"line":85,"column":3},"end":{"line":110,"column":6}},"28":{"start":{"line":86,"column":4},"end":{"line":109,"column":5}},"29":{"start":{"line":87,"column":5},"end":{"line":87,"column":17}},"30":{"start":{"line":89,"column":23},"end":{"line":98,"column":7}},"31":{"start":{"line":90,"column":6},"end":{"line":97,"column":8}},"32":{"start":{"line":99,"column":5},"end":{"line":108,"column":7}},"33":{"start":{"line":101,"column":7},"end":{"line":106,"column":9}},"34":{"start":{"line":115,"column":2},"end":{"line":125,"column":5}},"35":{"start":{"line":117,"column":4},"end":{"line":117,"column":68}},"36":{"start":{"line":118,"column":3},"end":{"line":124,"column":6}},"37":{"start":{"line":119,"column":4},"end":{"line":123,"column":5}},"38":{"start":{"line":120,"column":5},"end":{"line":120,"column":17}},"39":{"start":{"line":122,"column":5},"end":{"line":122,"column":19}},"40":{"start":{"line":129,"column":2},"end":{"line":138,"column":5}},"41":{"start":{"line":130,"column":15},"end":{"line":130,"column":71}},"42":{"start":{"line":131,"column":3},"end":{"line":137,"column":6}},"43":{"start":{"line":132,"column":4},"end":{"line":136,"column":5}},"44":{"start":{"line":133,"column":5},"end":{"line":133,"column":17}},"45":{"start":{"line":135,"column":5},"end":{"line":135,"column":19}},"46":{"start":{"line":142,"column":0},"end":{"line":142,"column":25}}},"fnMap":{"0":{"name":"(anonymous_0)","decl":{"start":{"line":5,"column":1},"end":{"line":5,"column":2}},"loc":{"start":{"line":5,"column":17},"end":{"line":7,"column":2}},"line":5},"1":{"name":"(anonymous_1)","decl":{"start":{"line":9,"column":1},"end":{"line":9,"column":2}},"loc":{"start":{"line":9,"column":15},"end":{"line":30,"column":2}},"line":9},"2":{"name":"(anonymous_2)","decl":{"start":{"line":10,"column":21},"end":{"line":10,"column":22}},"loc":{"start":{"line":10,"column":42},"end":{"line":29,"column":3}},"line":10},"3":{"name":"(anonymous_3)","decl":{"start":{"line":12,"column":33},"end":{"line":12,"column":34}},"loc":{"start":{"line":12,"column":48},"end":{"line":28,"column":4}},"line":12},"4":{"name":"(anonymous_4)","decl":{"start":{"line":16,"column":28},"end":{"line":16,"column":29}},"loc":{"start":{"line":16,"column":37},"end":{"line":25,"column":6}},"line":16},"5":{"name":"(anonymous_5)","decl":{"start":{"line":32,"column":1},"end":{"line":32,"column":2}},"loc":{"start":{"line":32,"column":42},"end":{"line":56,"column":2}},"line":32},"6":{"name":"(anonymous_6)","decl":{"start":{"line":33,"column":21},"end":{"line":33,"column":22}},"loc":{"start":{"line":33,"column":42},"end":{"line":55,"column":3}},"line":33},"7":{"name":"(anonymous_7)","decl":{"start":{"line":35,"column":38},"end":{"line":35,"column":39}},"loc":{"start":{"line":35,"column":52},"end":{"line":54,"column":4}},"line":35},"8":{"name":"(anonymous_8)","decl":{"start":{"line":58,"column":1},"end":{"line":58,"column":2}},"loc":{"start":{"line":58,"column":18},"end":{"line":80,"column":2}},"line":58},"9":{"name":"(anonymous_9)","decl":{"start":{"line":59,"column":21},"end":{"line":59,"column":22}},"loc":{"start":{"line":59,"column":42},"end":{"line":79,"column":3}},"line":59},"10":{"name":"(anonymous_10)","decl":{"start":{"line":71,"column":4},"end":{"line":71,"column":5}},"loc":{"start":{"line":71,"column":13},"end":{"line":77,"column":5}},"line":71},"11":{"name":"(anonymous_11)","decl":{"start":{"line":82,"column":1},"end":{"line":82,"column":2}},"loc":{"start":{"line":82,"column":19},"end":{"line":112,"column":2}},"line":82},"12":{"name":"(anonymous_12)","decl":{"start":{"line":83,"column":21},"end":{"line":83,"column":22}},"loc":{"start":{"line":83,"column":42},"end":{"line":111,"column":3}},"line":83},"13":{"name":"(anonymous_13)","decl":{"start":{"line":85,"column":34},"end":{"line":85,"column":35}},"loc":{"start":{"line":85,"column":49},"end":{"line":110,"column":4}},"line":85},"14":{"name":"(anonymous_14)","decl":{"start":{"line":89,"column":32},"end":{"line":89,"column":33}},"loc":{"start":{"line":89,"column":41},"end":{"line":98,"column":6}},"line":89},"15":{"name":"(anonymous_15)","decl":{"start":{"line":100,"column":20},"end":{"line":100,"column":21}},"loc":{"start":{"line":100,"column":34},"end":{"line":107,"column":7}},"line":100},"16":{"name":"(anonymous_16)","decl":{"start":{"line":114,"column":1},"end":{"line":114,"column":2}},"loc":{"start":{"line":114,"column":38},"end":{"line":126,"column":2}},"line":114},"17":{"name":"(anonymous_17)","decl":{"start":{"line":115,"column":21},"end":{"line":115,"column":22}},"loc":{"start":{"line":115,"column":42},"end":{"line":125,"column":3}},"line":115},"18":{"name":"(anonymous_18)","decl":{"start":{"line":118,"column":50},"end":{"line":118,"column":51}},"loc":{"start":{"line":118,"column":59},"end":{"line":124,"column":4}},"line":118},"19":{"name":"(anonymous_19)","decl":{"start":{"line":128,"column":1},"end":{"line":128,"column":2}},"loc":{"start":{"line":128,"column":28},"end":{"line":139,"column":2}},"line":128},"20":{"name":"(anonymous_20)","decl":{"start":{"line":129,"column":21},"end":{"line":129,"column":22}},"loc":{"start":{"line":129,"column":42},"end":{"line":138,"column":3}},"line":129},"21":{"name":"(anonymous_21)","decl":{"start":{"line":131,"column":38},"end":{"line":131,"column":39}},"loc":{"start":{"line":131,"column":47},"end":{"line":137,"column":4}},"line":131}},"branchMap":{"0":{"loc":{"start":{"line":13,"column":4},"end":{"line":27,"column":5}},"type":"if","locations":[{"start":{"line":13,"column":4},"end":{"line":27,"column":5}},{"start":{"line":15,"column":11},"end":{"line":27,"column":5}}],"line":13},"1":{"loc":{"start":{"line":36,"column":4},"end":{"line":53,"column":5}},"type":"if","locations":[{"start":{"line":36,"column":4},"end":{"line":53,"column":5}},{"start":{"line":38,"column":11},"end":{"line":53,"column":5}}],"line":36},"2":{"loc":{"start":{"line":39,"column":5},"end":{"line":52,"column":6}},"type":"if","locations":[{"start":{"line":39,"column":5},"end":{"line":52,"column":6}},{"start":{"line":41,"column":12},"end":{"line":52,"column":6}}],"line":39},"3":{"loc":{"start":{"line":72,"column":5},"end":{"line":76,"column":6}},"type":"if","locations":[{"start":{"line":72,"column":5},"end":{"line":76,"column":6}},{"start":{"line":74,"column":12},"end":{"line":76,"column":6}}],"line":72},"4":{"loc":{"start":{"line":86,"column":4},"end":{"line":109,"column":5}},"type":"if","locations":[{"start":{"line":86,"column":4},"end":{"line":109,"column":5}},{"start":{"line":88,"column":11},"end":{"line":109,"column":5}}],"line":86},"5":{"loc":{"start":{"line":119,"column":4},"end":{"line":123,"column":5}},"type":"if","locations":[{"start":{"line":119,"column":4},"end":{"line":123,"column":5}},{"start":{"line":121,"column":11},"end":{"line":123,"column":5}}],"line":119},"6":{"loc":{"start":{"line":132,"column":4},"end":{"line":136,"column":5}},"type":"if","locations":[{"start":{"line":132,"column":4},"end":{"line":136,"column":5}},{"start":{"line":134,"column":11},"end":{"line":136,"column":5}}],"line":132}},"s":{"0":10,"1":10,"2":56,"3":1,"4":1,"5":1,"6":1,"7":0,"8":1,"9":1,"10":1,"11":30,"12":30,"13":30,"14":30,"15":0,"16":30,"17":26,"18":4,"19":23,"20":23,"21":23,"22":23,"23":0,"24":23,"25":1,"26":1,"27":1,"28":1,"29":0,"30":1,"31":2,"32":1,"33":2,"34":1,"35":1,"36":1,"37":1,"38":0,"39":1,"40":1,"41":1,"42":1,"43":1,"44":0,"45":1,"46":10},"f":{"0":56,"1":1,"2":1,"3":1,"4":1,"5":30,"6":30,"7":30,"8":23,"9":23,"10":23,"11":1,"12":1,"13":1,"14":2,"15":2,"16":1,"17":1,"18":1,"19":1,"20":1,"21":1},"b":{"0":[0,1],"1":[0,30],"2":[26,4],"3":[0,23],"4":[0,1],"5":[0,1],"6":[0,1]},"_coverageSchema":"1a1c01bbd47fc00a2c39e90264f33305004495a9","hash":"fafd20bfed006598946d95430319057c57e4c748"}
,"/mnt/DATA/Polito/08 Software engineering I/05 Project/EzWh/code/server/test_modules/init_test_module.js": {"path":"/mnt/DATA/Polito/08 Software engineering I/05 Project/EzWh/code/server/test_modules/init_test_module.js","statementMap":{"0":{"start":{"line":1,"column":11},"end":{"line":1,"column":26}},"1":{"start":{"line":2,"column":15},"end":{"line":2,"column":33}},"2":{"start":{"line":3,"column":11},"end":{"line":3,"column":24}},"3":{"start":{"line":4,"column":12},"end":{"line":4,"column":37}},"4":{"start":{"line":6,"column":17},"end":{"line":16,"column":1}},"5":{"start":{"line":7,"column":1},"end":{"line":15,"column":4}},"6":{"start":{"line":8,"column":2},"end":{"line":14,"column":5}},"7":{"start":{"line":9,"column":3},"end":{"line":13,"column":4}},"8":{"start":{"line":10,"column":4},"end":{"line":10,"column":16}},"9":{"start":{"line":12,"column":4},"end":{"line":12,"column":26}},"10":{"start":{"line":18,"column":0},"end":{"line":33,"column":2}},"11":{"start":{"line":19,"column":1},"end":{"line":22,"column":3}},"12":{"start":{"line":24,"column":12},"end":{"line":26,"column":3}},"13":{"start":{"line":25,"column":2},"end":{"line":25,"column":21}},"14":{"start":{"line":25,"column":11},"end":{"line":25,"column":21}},"15":{"start":{"line":28,"column":1},"end":{"line":30,"column":2}},"16":{"start":{"line":29,"column":2},"end":{"line":29,"column":28}},"17":{"start":{"line":32,"column":1},"end":{"line":32,"column":24}},"18":{"start":{"line":35,"column":0},"end":{"line":35,"column":43}}},"fnMap":{"0":{"name":"(anonymous_0)","decl":{"start":{"line":6,"column":17},"end":{"line":6,"column":18}},"loc":{"start":{"line":6,"column":32},"end":{"line":16,"column":1}},"line":6},"1":{"name":"(anonymous_1)","decl":{"start":{"line":7,"column":20},"end":{"line":7,"column":21}},"loc":{"start":{"line":7,"column":41},"end":{"line":15,"column":2}},"line":7},"2":{"name":"(anonymous_2)","decl":{"start":{"line":8,"column":20},"end":{"line":8,"column":21}},"loc":{"start":{"line":8,"column":35},"end":{"line":14,"column":3}},"line":8},"3":{"name":"(anonymous_3)","decl":{"start":{"line":18,"column":18},"end":{"line":18,"column":19}},"loc":{"start":{"line":18,"column":36},"end":{"line":33,"column":1}},"line":18},"4":{"name":"(anonymous_4)","decl":{"start":{"line":24,"column":40},"end":{"line":24,"column":41}},"loc":{"start":{"line":24,"column":49},"end":{"line":26,"column":2}},"line":24}},"branchMap":{"0":{"loc":{"start":{"line":9,"column":3},"end":{"line":13,"column":4}},"type":"if","locations":[{"start":{"line":9,"column":3},"end":{"line":13,"column":4}},{"start":{"line":11,"column":10},"end":{"line":13,"column":4}}],"line":9},"1":{"loc":{"start":{"line":25,"column":2},"end":{"line":25,"column":21}},"type":"if","locations":[{"start":{"line":25,"column":2},"end":{"line":25,"column":21}},{"start":{},"end":{}}],"line":25}},"s":{"0":10,"1":10,"2":10,"3":10,"4":10,"5":2240,"6":2240,"7":2240,"8":0,"9":2240,"10":10,"11":56,"12":56,"13":56,"14":0,"15":56,"16":2240,"17":56,"18":10},"f":{"0":2240,"1":2240,"2":2240,"3":56,"4":56},"b":{"0":[0,2240],"1":[0,56]},"_coverageSchema":"1a1c01bbd47fc00a2c39e90264f33305004495a9","hash":"e9c5086f938e9f1cb048d9f45bcfe89025b81c18"}
}
