TN:
SF:classes/DAO.js
FN:19,(anonymous_0)
FN:20,(anonymous_1)
FN:35,(anonymous_2)
FN:39,(anonymous_3)
FN:43,(anonymous_4)
FN:58,(anonymous_5)
FN:70,(anonymous_6)
FN:74,(anonymous_7)
FN:115,(anonymous_8)
FN:142,(anonymous_9)
FN:146,(anonymous_10)
FN:150,(anonymous_11)
FN:154,(anonymous_12)
FN:158,(anonymous_13)
FN:166,(anonymous_14)
FN:179,(anonymous_15)
FN:183,(anonymous_16)
FN:211,(anonymous_17)
FN:226,(anonymous_18)
FN:254,(anonymous_19)
FN:269,(anonymous_20)
FN:277,(anonymous_21)
FN:312,(anonymous_22)
FN:319,(anonymous_23)
FN:337,(anonymous_24)
FN:360,(anonymous_25)
FN:366,(anonymous_26)
FN:370,(anonymous_27)
FN:374,(anonymous_28)
FN:386,(anonymous_29)
FN:390,(anonymous_30)
FN:401,(anonymous_31)
FN:405,(anonymous_32)
FN:413,(anonymous_33)
FN:417,(anonymous_34)
FN:428,(anonymous_35)
FN:438,(anonymous_36)
FN:458,(anonymous_37)
FN:480,(anonymous_38)
FN:484,(anonymous_39)
FN:492,(anonymous_40)
FN:496,(anonymous_41)
FN:516,(anonymous_42)
FN:543,(anonymous_43)
FN:562,(anonymous_44)
FN:566,(anonymous_45)
FN:570,(anonymous_46)
FN:591,(anonymous_47)
FN:599,(anonymous_48)
FN:603,(anonymous_49)
FN:622,(anonymous_50)
FN:636,(anonymous_51)
FN:650,(anonymous_52)
FN:667,(anonymous_53)
FN:705,(anonymous_54)
FN:733,(anonymous_55)
FN:737,(anonymous_56)
FN:748,(anonymous_57)
FN:752,(anonymous_58)
FN:761,(anonymous_59)
FN:765,(anonymous_60)
FN:769,(anonymous_61)
FN:773,(anonymous_62)
FN:783,(anonymous_63)
FN:799,(anonymous_64)
FNF:65
FNH:62
FNDA:56,(anonymous_0)
FNDA:56,(anonymous_1)
FNDA:2,(anonymous_2)
FNDA:2,(anonymous_3)
FNDA:1,(anonymous_4)
FNDA:4,(anonymous_5)
FNDA:45,(anonymous_6)
FNDA:3,(anonymous_7)
FNDA:3,(anonymous_8)
FNDA:1,(anonymous_9)
FNDA:1,(anonymous_10)
FNDA:1,(anonymous_11)
FNDA:8,(anonymous_12)
FNDA:27,(anonymous_13)
FNDA:2,(anonymous_14)
FNDA:1,(anonymous_15)
FNDA:1,(anonymous_16)
FNDA:1,(anonymous_17)
FNDA:5,(anonymous_18)
FNDA:1,(anonymous_19)
FNDA:1,(anonymous_20)
FNDA:11,(anonymous_21)
FNDA:6,(anonymous_22)
FNDA:2,(anonymous_23)
FNDA:2,(anonymous_24)
FNDA:1,(anonymous_25)
FNDA:1,(anonymous_26)
FNDA:6,(anonymous_27)
FNDA:23,(anonymous_28)
FNDA:1,(anonymous_29)
FNDA:1,(anonymous_30)
FNDA:1,(anonymous_31)
FNDA:0,(anonymous_32)
FNDA:0,(anonymous_33)
FNDA:1,(anonymous_34)
FNDA:1,(anonymous_35)
FNDA:2,(anonymous_36)
FNDA:4,(anonymous_37)
FNDA:1,(anonymous_38)
FNDA:4,(anonymous_39)
FNDA:2,(anonymous_40)
FNDA:15,(anonymous_41)
FNDA:1,(anonymous_42)
FNDA:1,(anonymous_43)
FNDA:2,(anonymous_44)
FNDA:3,(anonymous_45)
FNDA:10,(anonymous_46)
FNDA:4,(anonymous_47)
FNDA:2,(anonymous_48)
FNDA:1,(anonymous_49)
FNDA:1,(anonymous_50)
FNDA:2,(anonymous_51)
FNDA:3,(anonymous_52)
FNDA:4,(anonymous_53)
FNDA:3,(anonymous_54)
FNDA:0,(anonymous_55)
FNDA:7,(anonymous_56)
FNDA:1,(anonymous_57)
FNDA:1,(anonymous_58)
FNDA:1,(anonymous_59)
FNDA:2,(anonymous_60)
FNDA:2,(anonymous_61)
FNDA:15,(anonymous_62)
FNDA:1,(anonymous_63)
FNDA:1,(anonymous_64)
DA:1,10
DA:2,10
DA:3,10
DA:4,10
DA:5,10
DA:6,10
DA:7,10
DA:8,10
DA:9,10
DA:10,10
DA:11,10
DA:12,10
DA:13,10
DA:14,10
DA:17,56
DA:20,56
DA:21,56
DA:23,56
DA:24,56
DA:25,56
DA:26,56
DA:27,56
DA:28,56
DA:29,56
DA:30,56
DA:31,56
DA:32,56
DA:36,2
DA:40,2
DA:44,1
DA:45,1
DA:46,1
DA:47,2
DA:50,2
DA:51,2
DA:55,1
DA:59,4
DA:60,4
DA:61,2
DA:62,2
DA:63,2
DA:65,2
DA:67,4
DA:71,45
DA:83,3
DA:84,3
DA:85,0
DA:87,3
DA:88,3
DA:89,3
DA:90,1
DA:94,1
DA:100,0
DA:104,3
DA:116,3
DA:117,3
DA:118,0
DA:120,3
DA:121,3
DA:122,3
DA:123,3
DA:124,3
DA:128,3
DA:133,3
DA:135,0
DA:138,0
DA:143,1
DA:147,1
DA:151,1
DA:155,8
DA:159,27
DA:160,27
DA:161,0
DA:163,27
DA:167,2
DA:168,2
DA:169,0
DA:171,2
DA:180,1
DA:184,1
DA:185,1
DA:186,1
DA:187,1
DA:188,1
DA:189,0
DA:192,0
DA:194,1
DA:196,1
DA:197,0
DA:200,0
DA:202,1
DA:205,1
DA:208,1
DA:213,1
DA:214,1
DA:215,1
DA:216,1
DA:219,1
DA:220,1
DA:223,1
DA:227,5
DA:228,5
DA:229,2
DA:231,3
DA:232,3
DA:233,3
DA:236,3
DA:238,0
DA:240,3
DA:241,2
DA:244,2
DA:246,3
DA:249,3
DA:251,3
DA:255,1
DA:256,1
DA:257,0
DA:259,1
DA:260,0
DA:262,1
DA:263,1
DA:264,1
DA:265,1
DA:266,1
DA:269,1
DA:270,1
DA:274,1
DA:278,11
DA:283,1
DA:285,10
DA:290,10
DA:291,10
DA:292,10
DA:298,10
DA:300,7
DA:301,7
DA:302,7
DA:313,6
DA:320,2
DA:323,2
DA:324,0
DA:326,2
DA:327,0
DA:329,2
DA:330,2
DA:338,2
DA:341,2
DA:342,0
DA:344,2
DA:349,0
DA:351,2
DA:354,2
DA:361,1
DA:362,0
DA:364,1
DA:367,1
DA:371,6
DA:375,23
DA:379,23
DA:380,23
DA:387,1
DA:391,1
DA:395,1
DA:396,0
DA:398,1
DA:402,1
DA:406,0
DA:407,0
DA:408,0
DA:410,0
DA:414,0
DA:418,1
DA:419,1
DA:420,0
DA:422,1
DA:424,1
DA:425,1
DA:427,1
DA:428,1
DA:435,1
DA:439,2
DA:440,2
DA:441,1
DA:444,1
DA:451,1
DA:452,1
DA:453,1
DA:455,1
DA:459,4
DA:462,4
DA:463,1
DA:465,3
DA:469,3
DA:470,0
DA:472,3
DA:473,3
DA:481,1
DA:485,4
DA:486,4
DA:487,0
DA:489,4
DA:493,2
DA:497,15
DA:498,15
DA:499,0
DA:501,15
DA:505,15
DA:506,0
DA:508,15
DA:513,15
DA:517,1
DA:521,1
DA:522,0
DA:524,1
DA:525,1
DA:526,0
DA:528,1
DA:532,1
DA:533,0
DA:535,1
DA:544,1
DA:548,1
DA:549,0
DA:551,1
DA:552,1
DA:553,0
DA:555,1
DA:556,1
DA:563,2
DA:567,3
DA:571,10
DA:576,10
DA:577,1
DA:580,9
DA:581,9
DA:582,9
DA:583,9
DA:585,0
DA:588,0
DA:592,4
DA:593,4
DA:594,1
DA:596,3
DA:600,2
DA:604,1
DA:605,1
DA:606,0
DA:608,1
DA:610,2
DA:611,0
DA:613,2
DA:617,2
DA:619,1
DA:623,1
DA:624,1
DA:625,0
DA:627,1
DA:628,2
DA:631,2
DA:633,1
DA:637,2
DA:638,2
DA:639,0
DA:641,2
DA:642,1
DA:645,1
DA:647,2
DA:651,3
DA:652,3
DA:653,1
DA:656,2
DA:657,1
DA:659,1
DA:663,2
DA:664,2
DA:668,4
DA:673,2
DA:675,2
DA:679,2
DA:680,0
DA:682,2
DA:683,2
DA:684,2
DA:685,2
DA:688,2
DA:697,2
DA:706,3
DA:710,3
DA:711,0
DA:713,3
DA:714,1
DA:715,1
DA:720,1
DA:721,1
DA:722,1
DA:734,0
DA:738,7
DA:749,1
DA:753,1
DA:754,1
DA:755,0
DA:757,1
DA:758,1
DA:762,1
DA:766,2
DA:770,2
DA:774,15
DA:775,15
DA:776,15
DA:789,1
DA:790,1
DA:791,1
DA:800,1
DA:804,10
LF:314
LH:269
BRDA:21,0,0,0
BRDA:21,0,1,56
BRDA:45,1,0,1
BRDA:45,1,1,0
BRDA:50,2,0,2
BRDA:50,2,1,0
BRDA:60,3,0,2
BRDA:60,3,1,2
BRDA:62,4,0,2
BRDA:62,4,1,0
BRDA:84,5,0,0
BRDA:84,5,1,3
BRDA:87,6,0,3
BRDA:87,6,1,0
BRDA:89,7,0,1
BRDA:89,7,1,2
BRDA:90,8,0,1
BRDA:90,8,1,0
BRDA:91,9,0,1
BRDA:91,9,1,1
BRDA:117,10,0,0
BRDA:117,10,1,3
BRDA:121,11,0,3
BRDA:121,11,1,0
BRDA:124,12,0,3
BRDA:124,12,1,0
BRDA:125,13,0,3
BRDA:125,13,1,3
BRDA:160,14,0,0
BRDA:160,14,1,27
BRDA:168,15,0,0
BRDA:168,15,1,2
BRDA:185,16,0,1
BRDA:185,16,1,0
BRDA:188,17,0,0
BRDA:188,17,1,1
BRDA:196,18,0,0
BRDA:196,18,1,1
BRDA:196,19,0,1
BRDA:196,19,1,1
BRDA:214,20,0,1
BRDA:214,20,1,0
BRDA:228,21,0,2
BRDA:228,21,1,3
BRDA:232,22,0,3
BRDA:232,22,1,0
BRDA:240,23,0,2
BRDA:240,23,1,1
BRDA:240,24,0,3
BRDA:240,24,1,2
BRDA:256,25,0,0
BRDA:256,25,1,1
BRDA:259,26,0,0
BRDA:259,26,1,1
BRDA:264,27,0,1
BRDA:264,27,1,0
BRDA:269,28,0,1
BRDA:269,28,1,0
BRDA:278,29,0,1
BRDA:278,29,1,10
BRDA:279,30,0,11
BRDA:279,30,1,11
BRDA:279,30,2,10
BRDA:290,31,0,10
BRDA:290,31,1,0
BRDA:298,32,0,7
BRDA:298,32,1,3
BRDA:301,33,0,7
BRDA:301,33,1,0
BRDA:323,34,0,0
BRDA:323,34,1,2
BRDA:326,35,0,0
BRDA:326,35,1,2
BRDA:341,36,0,0
BRDA:341,36,1,2
BRDA:344,37,0,0
BRDA:344,37,1,2
BRDA:345,38,0,2
BRDA:345,38,1,2
BRDA:345,38,2,2
BRDA:361,39,0,0
BRDA:361,39,1,1
BRDA:379,40,0,23
BRDA:379,40,1,0
BRDA:395,41,0,0
BRDA:395,41,1,1
BRDA:407,42,0,0
BRDA:407,42,1,0
BRDA:419,43,0,0
BRDA:419,43,1,1
BRDA:440,44,0,1
BRDA:440,44,1,1
BRDA:462,45,0,1
BRDA:462,45,1,3
BRDA:469,46,0,0
BRDA:469,46,1,3
BRDA:486,47,0,0
BRDA:486,47,1,4
BRDA:498,48,0,0
BRDA:498,48,1,15
BRDA:498,49,0,15
BRDA:498,49,1,15
BRDA:505,50,0,0
BRDA:505,50,1,15
BRDA:521,51,0,0
BRDA:521,51,1,1
BRDA:525,52,0,0
BRDA:525,52,1,1
BRDA:525,53,0,1
BRDA:525,53,1,1
BRDA:532,54,0,0
BRDA:532,54,1,1
BRDA:548,55,0,0
BRDA:548,55,1,1
BRDA:552,56,0,0
BRDA:552,56,1,1
BRDA:576,57,0,1
BRDA:576,57,1,9
BRDA:580,58,0,9
BRDA:580,58,1,0
BRDA:582,59,0,9
BRDA:582,59,1,0
BRDA:593,60,0,1
BRDA:593,60,1,3
BRDA:605,61,0,0
BRDA:605,61,1,1
BRDA:610,62,0,0
BRDA:610,62,1,2
BRDA:624,63,0,0
BRDA:624,63,1,1
BRDA:638,64,0,0
BRDA:638,64,1,2
BRDA:652,65,0,1
BRDA:652,65,1,2
BRDA:656,66,0,1
BRDA:656,66,1,1
BRDA:668,67,0,2
BRDA:668,67,1,2
BRDA:669,68,0,4
BRDA:669,68,1,4
BRDA:669,68,2,2
BRDA:679,69,0,0
BRDA:679,69,1,2
BRDA:684,70,0,2
BRDA:684,70,1,0
BRDA:684,71,0,2
BRDA:684,71,1,2
BRDA:710,72,0,0
BRDA:710,72,1,3
BRDA:713,73,0,1
BRDA:713,73,1,2
BRDA:721,74,0,1
BRDA:721,74,1,0
BRDA:754,75,0,0
BRDA:754,75,1,1
BRDA:775,76,0,0
BRDA:775,76,1,15
BRDA:790,77,0,0
BRDA:790,77,1,1
BRF:159
BRH:104
end_of_record
TN:
SF:classes/InternalOrder.js
FN:3,(anonymous_0)
FN:11,(anonymous_1)
FN:15,(anonymous_2)
FN:19,(anonymous_3)
FN:20,(anonymous_4)
FNF:5
FNH:5
FNDA:7,(anonymous_0)
FNDA:5,(anonymous_1)
FNDA:4,(anonymous_2)
FNDA:7,(anonymous_3)
FNDA:7,(anonymous_4)
DA:4,7
DA:5,7
DA:6,7
DA:7,7
DA:8,7
DA:12,5
DA:16,4
DA:20,7
DA:25,10
LF:9
LH:9
BRF:0
BRH:0
end_of_record
TN:
SF:classes/Item.js
FN:2,(anonymous_0)
FN:10,(anonymous_1)
FN:14,(anonymous_2)
FN:18,(anonymous_3)
FN:22,(anonymous_4)
FN:26,(anonymous_5)
FNF:6
FNH:6
FNDA:19,(anonymous_0)
FNDA:9,(anonymous_1)
FNDA:9,(anonymous_2)
FNDA:9,(anonymous_3)
FNDA:19,(anonymous_4)
FNDA:28,(anonymous_5)
DA:3,19
DA:4,19
DA:5,19
DA:6,19
DA:7,19
DA:11,9
DA:15,9
DA:19,9
DA:23,19
DA:27,28
DA:31,10
LF:11
LH:11
BRDA:2,0,0,3
BRF:1
BRH:1
end_of_record
TN:
SF:classes/Position.js
FN:2,(anonymous_0)
FN:13,(anonymous_1)
FN:22,(anonymous_2)
FN:26,(anonymous_3)
FN:30,(anonymous_4)
FN:34,(anonymous_5)
FN:38,(anonymous_6)
FN:42,(anonymous_7)
FN:46,(anonymous_8)
FN:50,(anonymous_9)
FNF:10
FNH:10
FNDA:9,(anonymous_0)
FNDA:1,(anonymous_1)
FNDA:6,(anonymous_2)
FNDA:6,(anonymous_3)
FNDA:3,(anonymous_4)
FNDA:2,(anonymous_5)
FNDA:2,(anonymous_6)
FNDA:2,(anonymous_7)
FNDA:2,(anonymous_8)
FNDA:2,(anonymous_9)
DA:3,9
DA:4,9
DA:5,9
DA:6,9
DA:7,9
DA:8,9
DA:9,9
DA:10,9
DA:15,1
DA:16,1
DA:17,1
DA:18,1
DA:23,6
DA:27,6
DA:31,3
DA:35,2
DA:39,2
DA:43,2
DA:47,2
DA:51,2
DA:56,10
LF:21
LH:21
BRDA:2,0,0,0
BRDA:2,1,0,0
BRF:2
BRH:0
end_of_record
TN:
SF:classes/RestockOrder.js
FN:9,(anonymous_0)
FN:19,(anonymous_1)
FN:23,(anonymous_2)
FN:28,(anonymous_3)
FN:29,(anonymous_4)
FN:32,(anonymous_5)
FN:36,(anonymous_6)
FN:40,(anonymous_7)
FN:44,(anonymous_8)
FN:48,(anonymous_9)
FN:49,(anonymous_10)
FNF:11
FNH:11
FNDA:12,(anonymous_0)
FNDA:3,(anonymous_1)
FNDA:3,(anonymous_2)
FNDA:2,(anonymous_3)
FNDA:2,(anonymous_4)
FNDA:1,(anonymous_5)
FNDA:9,(anonymous_6)
FNDA:4,(anonymous_7)
FNDA:7,(anonymous_8)
FNDA:5,(anonymous_9)
FNDA:5,(anonymous_10)
DA:1,10
DA:2,10
DA:3,10
DA:4,10
DA:5,10
DA:6,10
DA:10,12
DA:11,12
DA:12,12
DA:13,12
DA:14,12
DA:15,12
DA:16,12
DA:20,3
DA:24,3
DA:25,3
DA:29,2
DA:33,1
DA:37,9
DA:41,4
DA:45,7
DA:49,5
DA:53,10
LF:23
LH:23
BRF:0
BRH:0
end_of_record
TN:
SF:classes/ReturnOrder.js
FN:3,(anonymous_0)
FN:11,(anonymous_1)
FN:15,(anonymous_2)
FN:16,(anonymous_3)
FNF:4
FNH:4
FNDA:3,(anonymous_0)
FNDA:2,(anonymous_1)
FNDA:1,(anonymous_2)
FNDA:1,(anonymous_3)
DA:4,3
DA:5,3
DA:6,3
DA:7,3
DA:8,3
DA:12,2
DA:16,1
DA:20,10
LF:8
LH:8
BRDA:3,0,0,0
BRDA:3,1,0,2
BRF:2
BRH:1
end_of_record
TN:
SF:classes/SKU.js
FN:3,(anonymous_0)
FN:24,(anonymous_1)
FN:28,(anonymous_2)
FN:32,(anonymous_3)
FN:36,(anonymous_4)
FN:40,(anonymous_5)
FN:44,(anonymous_6)
FN:48,(anonymous_7)
FN:52,(anonymous_8)
FN:56,(anonymous_9)
FN:57,(anonymous_10)
FNF:11
FNH:10
FNDA:109,(anonymous_0)
FNDA:4,(anonymous_1)
FNDA:3,(anonymous_2)
FNDA:47,(anonymous_3)
FNDA:50,(anonymous_4)
FNDA:50,(anonymous_5)
FNDA:47,(anonymous_6)
FNDA:47,(anonymous_7)
FNDA:55,(anonymous_8)
FNDA:4,(anonymous_9)
FNDA:0,(anonymous_10)
DA:1,10
DA:13,109
DA:14,109
DA:15,109
DA:16,109
DA:17,109
DA:18,109
DA:19,109
DA:20,109
DA:21,109
DA:25,4
DA:29,3
DA:33,47
DA:37,50
DA:41,50
DA:45,47
DA:49,47
DA:53,55
DA:57,4
DA:58,0
DA:63,10
LF:21
LH:20
BRDA:8,0,0,0
BRDA:9,1,0,0
BRDA:10,2,0,0
BRDA:11,3,0,0
BRF:4
BRH:0
end_of_record
TN:
SF:classes/SKUItem.js
FN:4,(anonymous_0)
FN:11,(anonymous_1)
FN:15,(anonymous_2)
FN:19,(anonymous_3)
FN:23,(anonymous_4)
FNF:5
FNH:4
FNDA:60,(anonymous_0)
FNDA:0,(anonymous_1)
FNDA:98,(anonymous_2)
FNDA:54,(anonymous_3)
FNDA:28,(anonymous_4)
DA:1,10
DA:2,10
DA:5,60
DA:6,60
DA:7,60
DA:8,60
DA:12,0
DA:16,98
DA:20,54
DA:24,28
DA:29,10
LF:11
LH:10
BRDA:4,0,0,0
BRDA:4,1,0,0
BRDA:4,2,0,0
BRF:3
BRH:0
end_of_record
TN:
SF:classes/TestDescriptor.js
FN:2,(anonymous_0)
FNF:1
FNH:1
FNDA:3,(anonymous_0)
DA:3,3
DA:4,3
DA:5,3
DA:6,3
DA:11,10
LF:5
LH:5
BRF:0
BRH:0
end_of_record
TN:
SF:classes/TestResult.js
FN:3,(anonymous_0)
FN:10,(anonymous_1)
FNF:2
FNH:2
FNDA:12,(anonymous_0)
FNDA:1,(anonymous_1)
DA:1,10
DA:4,12
DA:5,12
DA:6,12
DA:7,12
DA:11,1
DA:18,10
LF:7
LH:7
BRF:0
BRH:0
end_of_record
TN:
SF:classes/TransportNote.js
FN:2,(anonymous_0)
FNF:1
FNH:1
FNDA:2,(anonymous_0)
DA:3,2
DA:7,10
LF:2
LH:2
BRF:0
BRH:0
end_of_record
TN:
SF:classes/User.js
FN:2,(anonymous_0)
FN:11,(anonymous_1)
FN:15,(anonymous_2)
FN:19,(anonymous_3)
FN:23,(anonymous_4)
FN:27,(anonymous_5)
FN:31,(anonymous_6)
FNF:7
FNH:6
FNDA:30,(anonymous_0)
FNDA:0,(anonymous_1)
FNDA:23,(anonymous_2)
FNDA:23,(anonymous_3)
FNDA:46,(anonymous_4)
FNDA:46,(anonymous_5)
FNDA:23,(anonymous_6)
DA:3,30
DA:4,30
DA:5,30
DA:6,30
DA:7,30
DA:8,30
DA:12,0
DA:16,23
DA:20,23
DA:24,46
DA:28,46
DA:32,23
DA:36,10
LF:13
LH:12
BRDA:2,0,0,0
BRDA:2,1,0,20
BRF:2
BRH:1
end_of_record
TN:
SF:classes/DAOs/InternalOrderDAO.js
FN:5,(anonymous_0)
FN:9,(anonymous_1)
FN:10,(anonymous_2)
FN:12,(anonymous_3)
FN:16,(anonymous_4)
FN:25,(anonymous_5)
FN:26,(anonymous_6)
FN:28,(anonymous_7)
FN:32,(anonymous_8)
FN:41,(anonymous_9)
FN:42,(anonymous_10)
FN:44,(anonymous_11)
FN:48,(anonymous_12)
FN:57,(anonymous_13)
FN:58,(anonymous_14)
FN:60,(anonymous_15)
FN:74,(anonymous_16)
FN:75,(anonymous_17)
FN:85,(anonymous_18)
FN:89,(anonymous_19)
FN:98,(anonymous_20)
FN:99,(anonymous_21)
FN:101,(anonymous_22)
FN:111,(anonymous_23)
FN:112,(anonymous_24)
FN:114,(anonymous_25)
FN:124,(anonymous_26)
FN:125,(anonymous_27)
FN:127,(anonymous_28)
FN:137,(anonymous_29)
FN:138,(anonymous_30)
FN:140,(anonymous_31)
FN:150,(anonymous_32)
FN:151,(anonymous_33)
FN:153,(anonymous_34)
FN:163,(anonymous_35)
FN:164,(anonymous_36)
FN:166,(anonymous_37)
FN:173,(anonymous_38)
FN:185,(anonymous_39)
FN:186,(anonymous_40)
FN:188,(anonymous_41)
FNF:42
FNH:39
FNDA:56,(anonymous_0)
FNDA:1,(anonymous_1)
FNDA:1,(anonymous_2)
FNDA:1,(anonymous_3)
FNDA:2,(anonymous_4)
FNDA:1,(anonymous_5)
FNDA:1,(anonymous_6)
FNDA:1,(anonymous_7)
FNDA:2,(anonymous_8)
FNDA:2,(anonymous_9)
FNDA:2,(anonymous_10)
FNDA:2,(anonymous_11)
FNDA:1,(anonymous_12)
FNDA:3,(anonymous_13)
FNDA:3,(anonymous_14)
FNDA:3,(anonymous_15)
FNDA:6,(anonymous_16)
FNDA:6,(anonymous_17)
FNDA:6,(anonymous_18)
FNDA:6,(anonymous_19)
FNDA:2,(anonymous_20)
FNDA:2,(anonymous_21)
FNDA:2,(anonymous_22)
FNDA:2,(anonymous_23)
FNDA:2,(anonymous_24)
FNDA:2,(anonymous_25)
FNDA:2,(anonymous_26)
FNDA:2,(anonymous_27)
FNDA:2,(anonymous_28)
FNDA:3,(anonymous_29)
FNDA:3,(anonymous_30)
FNDA:3,(anonymous_31)
FNDA:1,(anonymous_32)
FNDA:1,(anonymous_33)
FNDA:1,(anonymous_34)
FNDA:1,(anonymous_35)
FNDA:1,(anonymous_36)
FNDA:1,(anonymous_37)
FNDA:1,(anonymous_38)
FNDA:0,(anonymous_39)
FNDA:0,(anonymous_40)
FNDA:0,(anonymous_41)
DA:1,10
DA:6,56
DA:10,1
DA:11,1
DA:12,1
DA:13,1
DA:14,0
DA:16,1
DA:17,2
DA:19,1
DA:26,1
DA:27,1
DA:28,1
DA:29,1
DA:30,0
DA:32,1
DA:33,2
DA:35,1
DA:42,2
DA:43,2
DA:44,2
DA:45,2
DA:46,0
DA:48,2
DA:49,1
DA:51,2
DA:58,3
DA:59,3
DA:60,3
DA:61,3
DA:62,0
DA:64,3
DA:65,1
DA:67,2
DA:75,6
DA:76,6
DA:85,6
DA:86,6
DA:87,0
DA:89,6
DA:90,6
DA:92,6
DA:99,2
DA:100,2
DA:101,2
DA:102,2
DA:103,0
DA:105,2
DA:112,2
DA:113,2
DA:114,2
DA:115,2
DA:116,0
DA:118,2
DA:125,2
DA:126,2
DA:127,2
DA:128,2
DA:129,0
DA:131,2
DA:138,3
DA:139,3
DA:140,3
DA:141,3
DA:142,0
DA:144,3
DA:151,1
DA:152,1
DA:153,1
DA:154,1
DA:155,0
DA:157,1
DA:164,1
DA:165,1
DA:166,1
DA:167,1
DA:168,0
DA:170,1
DA:171,0
DA:173,1
DA:174,1
DA:175,1
DA:176,1
DA:178,1
DA:186,0
DA:187,0
DA:188,0
DA:189,0
DA:190,0
DA:192,0
DA:200,10
LF:91
LH:73
BRDA:13,0,0,0
BRDA:13,0,1,1
BRDA:29,1,0,0
BRDA:29,1,1,1
BRDA:45,2,0,0
BRDA:45,2,1,2
BRDA:61,3,0,0
BRDA:61,3,1,3
BRDA:64,4,0,1
BRDA:64,4,1,2
BRDA:86,5,0,0
BRDA:86,5,1,6
BRDA:102,6,0,0
BRDA:102,6,1,2
BRDA:115,7,0,0
BRDA:115,7,1,2
BRDA:128,8,0,0
BRDA:128,8,1,2
BRDA:141,9,0,0
BRDA:141,9,1,3
BRDA:154,10,0,0
BRDA:154,10,1,1
BRDA:167,11,0,0
BRDA:167,11,1,1
BRDA:170,12,0,0
BRDA:170,12,1,1
BRDA:189,13,0,0
BRDA:189,13,1,0
BRF:28
BRH:14
end_of_record
TN:
SF:classes/DAOs/ItemDAO.js
FN:5,(anonymous_0)
FN:9,(anonymous_1)
FN:10,(anonymous_2)
FN:22,(anonymous_3)
FN:33,(anonymous_4)
FN:34,(anonymous_5)
FN:36,(anonymous_6)
FN:58,(anonymous_7)
FN:59,(anonymous_8)
FN:61,(anonymous_9)
FN:83,(anonymous_10)
FN:84,(anonymous_11)
FN:88,(anonymous_12)
FN:102,(anonymous_13)
FN:103,(anonymous_14)
FN:105,(anonymous_15)
FN:109,(anonymous_16)
FN:124,(anonymous_17)
FN:125,(anonymous_18)
FN:128,(anonymous_19)
FN:138,(anonymous_20)
FN:139,(anonymous_21)
FN:141,(anonymous_22)
FNF:23
FNH:23
FNDA:56,(anonymous_0)
FNDA:9,(anonymous_1)
FNDA:9,(anonymous_2)
FNDA:9,(anonymous_3)
FNDA:7,(anonymous_4)
FNDA:7,(anonymous_5)
FNDA:7,(anonymous_6)
FNDA:10,(anonymous_7)
FNDA:10,(anonymous_8)
FNDA:10,(anonymous_9)
FNDA:10,(anonymous_10)
FNDA:10,(anonymous_11)
FNDA:10,(anonymous_12)
FNDA:2,(anonymous_13)
FNDA:2,(anonymous_14)
FNDA:2,(anonymous_15)
FNDA:3,(anonymous_16)
FNDA:3,(anonymous_17)
FNDA:3,(anonymous_18)
FNDA:3,(anonymous_19)
FNDA:2,(anonymous_20)
FNDA:2,(anonymous_21)
FNDA:2,(anonymous_22)
DA:1,10
DA:2,10
DA:6,56
DA:10,9
DA:12,9
DA:13,9
DA:23,9
DA:24,0
DA:26,9
DA:34,7
DA:35,7
DA:36,7
DA:37,7
DA:38,0
DA:40,7
DA:41,2
DA:43,5
DA:59,10
DA:60,10
DA:61,10
DA:62,10
DA:63,0
DA:65,10
DA:66,9
DA:68,1
DA:84,10
DA:86,10
DA:88,10
DA:89,10
DA:90,0
DA:92,10
DA:93,3
DA:95,7
DA:103,2
DA:104,2
DA:105,2
DA:106,2
DA:107,0
DA:109,2
DA:110,3
DA:118,2
DA:125,3
DA:127,3
DA:128,3
DA:129,3
DA:130,0
DA:132,3
DA:139,2
DA:140,2
DA:141,2
DA:142,2
DA:143,0
DA:145,2
DA:152,10
LF:54
LH:47
BRDA:23,0,0,0
BRDA:23,0,1,9
BRDA:37,1,0,0
BRDA:37,1,1,7
BRDA:40,2,0,2
BRDA:40,2,1,5
BRDA:62,3,0,0
BRDA:62,3,1,10
BRDA:65,4,0,9
BRDA:65,4,1,1
BRDA:89,5,0,0
BRDA:89,5,1,10
BRDA:92,6,0,3
BRDA:92,6,1,7
BRDA:106,7,0,0
BRDA:106,7,1,2
BRDA:129,8,0,0
BRDA:129,8,1,3
BRDA:142,9,0,0
BRDA:142,9,1,2
BRF:20
BRH:13
end_of_record
TN:
SF:classes/DAOs/PositionDAO.js
FN:6,(anonymous_0)
FN:10,(anonymous_1)
FN:11,(anonymous_2)
FN:13,(anonymous_3)
FN:17,(anonymous_4)
FN:26,(anonymous_5)
FN:27,(anonymous_6)
FN:29,(anonymous_7)
FN:43,(anonymous_8)
FN:44,(anonymous_9)
FN:46,(anonymous_10)
FN:56,(anonymous_11)
FN:57,(anonymous_12)
FN:60,(anonymous_13)
FN:70,(anonymous_14)
FN:71,(anonymous_15)
FN:75,(anonymous_16)
FN:85,(anonymous_17)
FN:86,(anonymous_18)
FN:88,(anonymous_19)
FNF:20
FNH:20
FNDA:56,(anonymous_0)
FNDA:2,(anonymous_1)
FNDA:2,(anonymous_2)
FNDA:2,(anonymous_3)
FNDA:1,(anonymous_4)
FNDA:9,(anonymous_5)
FNDA:9,(anonymous_6)
FNDA:9,(anonymous_7)
FNDA:4,(anonymous_8)
FNDA:4,(anonymous_9)
FNDA:4,(anonymous_10)
FNDA:7,(anonymous_11)
FNDA:7,(anonymous_12)
FNDA:7,(anonymous_13)
FNDA:2,(anonymous_14)
FNDA:2,(anonymous_15)
FNDA:2,(anonymous_16)
FNDA:1,(anonymous_17)
FNDA:1,(anonymous_18)
FNDA:1,(anonymous_19)
DA:1,10
DA:2,10
DA:7,56
DA:11,2
DA:12,2
DA:13,2
DA:14,2
DA:15,0
DA:17,2
DA:18,1
DA:20,2
DA:27,9
DA:28,9
DA:29,9
DA:30,9
DA:31,0
DA:33,9
DA:34,2
DA:36,7
DA:44,4
DA:45,4
DA:46,4
DA:47,4
DA:48,0
DA:50,4
DA:57,7
DA:58,7
DA:60,7
DA:61,7
DA:62,0
DA:64,7
DA:71,2
DA:72,2
DA:74,2
DA:75,2
DA:76,2
DA:77,0
DA:79,2
DA:86,1
DA:87,1
DA:88,1
DA:89,1
DA:90,0
DA:92,1
DA:99,10
LF:45
LH:39
BRDA:14,0,0,0
BRDA:14,0,1,2
BRDA:30,1,0,0
BRDA:30,1,1,9
BRDA:33,2,0,2
BRDA:33,2,1,7
BRDA:47,3,0,0
BRDA:47,3,1,4
BRDA:61,4,0,0
BRDA:61,4,1,7
BRDA:76,5,0,0
BRDA:76,5,1,2
BRDA:89,6,0,0
BRDA:89,6,1,1
BRF:14
BRH:8
end_of_record
TN:
SF:classes/DAOs/RestockOrderDAO.js
FN:8,(anonymous_0)
FN:12,(anonymous_1)
FN:13,(anonymous_2)
FN:15,(anonymous_3)
FN:19,(anonymous_4)
FN:26,(anonymous_5)
FN:27,(anonymous_6)
FN:29,(anonymous_7)
FN:33,(anonymous_8)
FN:40,(anonymous_9)
FN:41,(anonymous_10)
FN:43,(anonymous_11)
FN:57,(anonymous_12)
FN:58,(anonymous_13)
FN:60,(anonymous_14)
FN:70,(anonymous_15)
FN:71,(anonymous_16)
FN:73,(anonymous_17)
FN:83,(anonymous_18)
FN:84,(anonymous_19)
FN:86,(anonymous_20)
FN:96,(anonymous_21)
FN:97,(anonymous_22)
FN:99,(anonymous_23)
FN:109,(anonymous_24)
FN:110,(anonymous_25)
FN:112,(anonymous_26)
FN:126,(anonymous_27)
FN:127,(anonymous_28)
FN:131,(anonymous_29)
FN:138,(anonymous_30)
FN:148,(anonymous_31)
FN:149,(anonymous_32)
FN:151,(anonymous_33)
FN:161,(anonymous_34)
FN:162,(anonymous_35)
FN:164,(anonymous_36)
FN:174,(anonymous_37)
FN:175,(anonymous_38)
FN:177,(anonymous_39)
FN:187,(anonymous_40)
FN:188,(anonymous_41)
FN:190,(anonymous_42)
FNF:43
FNH:43
FNDA:56,(anonymous_0)
FNDA:1,(anonymous_1)
FNDA:1,(anonymous_2)
FNDA:1,(anonymous_3)
FNDA:1,(anonymous_4)
FNDA:1,(anonymous_5)
FNDA:1,(anonymous_6)
FNDA:1,(anonymous_7)
FNDA:1,(anonymous_8)
FNDA:13,(anonymous_9)
FNDA:13,(anonymous_10)
FNDA:13,(anonymous_11)
FNDA:10,(anonymous_12)
FNDA:10,(anonymous_13)
FNDA:10,(anonymous_14)
FNDA:6,(anonymous_15)
FNDA:6,(anonymous_16)
FNDA:6,(anonymous_17)
FNDA:2,(anonymous_18)
FNDA:2,(anonymous_19)
FNDA:2,(anonymous_20)
FNDA:1,(anonymous_21)
FNDA:1,(anonymous_22)
FNDA:1,(anonymous_23)
FNDA:3,(anonymous_24)
FNDA:3,(anonymous_25)
FNDA:3,(anonymous_26)
FNDA:5,(anonymous_27)
FNDA:5,(anonymous_28)
FNDA:5,(anonymous_29)
FNDA:5,(anonymous_30)
FNDA:7,(anonymous_31)
FNDA:7,(anonymous_32)
FNDA:7,(anonymous_33)
FNDA:7,(anonymous_34)
FNDA:7,(anonymous_35)
FNDA:7,(anonymous_36)
FNDA:2,(anonymous_37)
FNDA:2,(anonymous_38)
FNDA:2,(anonymous_39)
FNDA:2,(anonymous_40)
FNDA:2,(anonymous_41)
FNDA:2,(anonymous_42)
DA:1,10
DA:2,10
DA:3,10
DA:4,10
DA:9,56
DA:13,1
DA:14,1
DA:15,1
DA:16,1
DA:17,0
DA:19,1
DA:20,1
DA:27,1
DA:28,1
DA:29,1
DA:30,1
DA:31,0
DA:33,1
DA:34,1
DA:41,13
DA:42,13
DA:43,13
DA:44,13
DA:45,0
DA:47,13
DA:48,3
DA:50,10
DA:58,10
DA:59,10
DA:60,10
DA:61,10
DA:62,0
DA:64,10
DA:71,6
DA:72,6
DA:73,6
DA:74,6
DA:75,0
DA:77,6
DA:84,2
DA:85,2
DA:86,2
DA:87,2
DA:88,0
DA:90,2
DA:97,1
DA:98,1
DA:99,1
DA:100,1
DA:101,0
DA:103,1
DA:110,3
DA:111,3
DA:112,3
DA:113,3
DA:114,0
DA:116,3
DA:117,1
DA:119,2
DA:127,5
DA:128,5
DA:131,5
DA:132,5
DA:133,0
DA:135,5
DA:136,0
DA:138,5
DA:139,5
DA:141,5
DA:149,7
DA:150,7
DA:151,7
DA:152,7
DA:153,0
DA:155,7
DA:162,7
DA:163,7
DA:164,7
DA:165,7
DA:166,0
DA:168,7
DA:175,2
DA:176,2
DA:177,2
DA:178,2
DA:179,0
DA:181,2
DA:188,2
DA:189,2
DA:190,2
DA:191,2
DA:192,0
DA:194,2
DA:201,10
LF:94
LH:80
BRDA:16,0,0,0
BRDA:16,0,1,1
BRDA:30,1,0,0
BRDA:30,1,1,1
BRDA:44,2,0,0
BRDA:44,2,1,13
BRDA:47,3,0,3
BRDA:47,3,1,10
BRDA:61,4,0,0
BRDA:61,4,1,10
BRDA:74,5,0,0
BRDA:74,5,1,6
BRDA:87,6,0,0
BRDA:87,6,1,2
BRDA:100,7,0,0
BRDA:100,7,1,1
BRDA:113,8,0,0
BRDA:113,8,1,3
BRDA:116,9,0,1
BRDA:116,9,1,2
BRDA:132,10,0,0
BRDA:132,10,1,5
BRDA:135,11,0,0
BRDA:135,11,1,5
BRDA:152,12,0,0
BRDA:152,12,1,7
BRDA:165,13,0,0
BRDA:165,13,1,7
BRDA:178,14,0,0
BRDA:178,14,1,2
BRDA:191,15,0,0
BRDA:191,15,1,2
BRF:32
BRH:18
end_of_record
TN:
SF:classes/DAOs/ReturnOrderDAO.js
FN:6,(anonymous_0)
FN:10,(anonymous_1)
FN:11,(anonymous_2)
FN:13,(anonymous_3)
FN:17,(anonymous_4)
FN:24,(anonymous_5)
FN:25,(anonymous_6)
FN:35,(anonymous_7)
FN:39,(anonymous_8)
FN:48,(anonymous_9)
FN:49,(anonymous_10)
FN:51,(anonymous_11)
FN:65,(anonymous_12)
FN:66,(anonymous_13)
FN:68,(anonymous_14)
FN:78,(anonymous_15)
FN:79,(anonymous_16)
FN:81,(anonymous_17)
FN:91,(anonymous_18)
FN:92,(anonymous_19)
FN:94,(anonymous_20)
FNF:21
FNH:21
FNDA:56,(anonymous_0)
FNDA:1,(anonymous_1)
FNDA:1,(anonymous_2)
FNDA:1,(anonymous_3)
FNDA:1,(anonymous_4)
FNDA:2,(anonymous_5)
FNDA:2,(anonymous_6)
FNDA:2,(anonymous_7)
FNDA:2,(anonymous_8)
FNDA:2,(anonymous_9)
FNDA:2,(anonymous_10)
FNDA:2,(anonymous_11)
FNDA:3,(anonymous_12)
FNDA:3,(anonymous_13)
FNDA:3,(anonymous_14)
FNDA:3,(anonymous_15)
FNDA:3,(anonymous_16)
FNDA:3,(anonymous_17)
FNDA:1,(anonymous_18)
FNDA:1,(anonymous_19)
FNDA:1,(anonymous_20)
DA:1,10
DA:2,10
DA:7,56
DA:11,1
DA:12,1
DA:13,1
DA:14,1
DA:15,0
DA:17,1
DA:18,1
DA:25,2
DA:26,2
DA:35,2
DA:36,2
DA:37,0
DA:39,2
DA:40,2
DA:42,2
DA:49,2
DA:50,2
DA:51,2
DA:52,2
DA:53,0
DA:55,2
DA:56,1
DA:58,1
DA:66,3
DA:67,3
DA:68,3
DA:69,3
DA:70,0
DA:72,3
DA:79,3
DA:80,3
DA:81,3
DA:82,3
DA:83,0
DA:85,3
DA:92,1
DA:93,1
DA:94,1
DA:95,1
DA:96,0
DA:98,1
DA:106,10
LF:45
LH:39
BRDA:14,0,0,0
BRDA:14,0,1,1
BRDA:36,1,0,0
BRDA:36,1,1,2
BRDA:52,2,0,0
BRDA:52,2,1,2
BRDA:55,3,0,1
BRDA:55,3,1,1
BRDA:69,4,0,0
BRDA:69,4,1,3
BRDA:82,5,0,0
BRDA:82,5,1,3
BRDA:95,6,0,0
BRDA:95,6,1,1
BRF:14
BRH:8
end_of_record
TN:
SF:classes/DAOs/SKUDAO.js
FN:6,(anonymous_0)
FN:10,(anonymous_1)
FN:11,(anonymous_2)
FN:13,(anonymous_3)
FN:17,(anonymous_4)
FN:24,(anonymous_5)
FN:25,(anonymous_6)
FN:27,(anonymous_7)
FN:41,(anonymous_8)
FN:42,(anonymous_9)
FN:44,(anonymous_10)
FN:54,(anonymous_11)
FN:55,(anonymous_12)
FN:71,(anonymous_13)
FN:81,(anonymous_14)
FN:82,(anonymous_15)
FN:88,(anonymous_16)
FN:98,(anonymous_17)
FN:99,(anonymous_18)
FN:101,(anonymous_19)
FNF:20
FNH:20
FNDA:56,(anonymous_0)
FNDA:1,(anonymous_1)
FNDA:1,(anonymous_2)
FNDA:1,(anonymous_3)
FNDA:2,(anonymous_4)
FNDA:64,(anonymous_5)
FNDA:64,(anonymous_6)
FNDA:64,(anonymous_7)
FNDA:45,(anonymous_8)
FNDA:45,(anonymous_9)
FNDA:45,(anonymous_10)
FNDA:3,(anonymous_11)
FNDA:3,(anonymous_12)
FNDA:3,(anonymous_13)
FNDA:3,(anonymous_14)
FNDA:3,(anonymous_15)
FNDA:3,(anonymous_16)
FNDA:1,(anonymous_17)
FNDA:1,(anonymous_18)
FNDA:1,(anonymous_19)
DA:1,10
DA:2,10
DA:7,56
DA:11,1
DA:12,1
DA:13,1
DA:14,1
DA:15,0
DA:17,2
DA:18,1
DA:25,64
DA:26,64
DA:27,64
DA:28,64
DA:29,0
DA:31,64
DA:32,2
DA:34,62
DA:42,45
DA:43,45
DA:44,45
DA:45,45
DA:46,0
DA:48,45
DA:55,3
DA:56,3
DA:71,3
DA:72,3
DA:73,0
DA:75,3
DA:82,3
DA:83,3
DA:88,3
DA:89,3
DA:90,0
DA:92,3
DA:99,1
DA:100,1
DA:101,1
DA:102,1
DA:103,0
DA:105,1
DA:112,10
LF:43
LH:37
BRDA:14,0,0,0
BRDA:14,0,1,1
BRDA:28,1,0,0
BRDA:28,1,1,64
BRDA:31,2,0,2
BRDA:31,2,1,62
BRDA:45,3,0,0
BRDA:45,3,1,45
BRDA:72,4,0,0
BRDA:72,4,1,3
BRDA:89,5,0,0
BRDA:89,5,1,3
BRDA:102,6,0,0
BRDA:102,6,1,1
BRF:14
BRH:8
end_of_record
TN:
SF:classes/DAOs/SKUItemDAO.js
FN:5,(anonymous_0)
FN:9,(anonymous_1)
FN:10,(anonymous_2)
FN:12,(anonymous_3)
FN:16,(anonymous_4)
FN:30,(anonymous_5)
FN:31,(anonymous_6)
FN:33,(anonymous_7)
FN:40,(anonymous_8)
FN:48,(anonymous_9)
FN:49,(anonymous_10)
FN:51,(anonymous_11)
FN:66,(anonymous_12)
FN:67,(anonymous_13)
FN:78,(anonymous_14)
FN:87,(anonymous_15)
FN:102,(anonymous_16)
FN:103,(anonymous_17)
FN:109,(anonymous_18)
FN:120,(anonymous_19)
FN:121,(anonymous_20)
FN:123,(anonymous_21)
FN:153,(anonymous_22)
FN:154,(anonymous_23)
FN:159,(anonymous_24)
FN:163,(anonymous_25)
FNF:26
FNH:26
FNDA:56,(anonymous_0)
FNDA:1,(anonymous_1)
FNDA:1,(anonymous_2)
FNDA:1,(anonymous_3)
FNDA:2,(anonymous_4)
FNDA:1,(anonymous_5)
FNDA:1,(anonymous_6)
FNDA:1,(anonymous_7)
FNDA:1,(anonymous_8)
FNDA:28,(anonymous_9)
FNDA:28,(anonymous_10)
FNDA:28,(anonymous_11)
FNDA:27,(anonymous_12)
FNDA:27,(anonymous_13)
FNDA:27,(anonymous_14)
FNDA:27,(anonymous_15)
FNDA:3,(anonymous_16)
FNDA:3,(anonymous_17)
FNDA:3,(anonymous_18)
FNDA:1,(anonymous_19)
FNDA:1,(anonymous_20)
FNDA:1,(anonymous_21)
FNDA:2,(anonymous_22)
FNDA:2,(anonymous_23)
FNDA:2,(anonymous_24)
FNDA:2,(anonymous_25)
DA:1,10
DA:2,10
DA:6,56
DA:10,1
DA:11,1
DA:12,1
DA:13,1
DA:14,0
DA:16,1
DA:17,2
DA:24,1
DA:31,1
DA:32,1
DA:33,1
DA:34,1
DA:35,0
DA:37,1
DA:38,0
DA:40,1
DA:41,1
DA:49,28
DA:50,28
DA:51,28
DA:52,28
DA:53,0
DA:55,28
DA:56,2
DA:58,26
DA:59,26
DA:67,27
DA:69,27
DA:70,27
DA:79,27
DA:80,0
DA:83,27
DA:84,27
DA:88,27
DA:89,27
DA:91,0
DA:95,27
DA:103,3
DA:105,3
DA:106,3
DA:110,3
DA:111,0
DA:113,3
DA:121,1
DA:122,1
DA:123,1
DA:124,1
DA:125,0
DA:127,1
DA:154,2
DA:156,2
DA:159,2
DA:160,2
DA:161,0
DA:163,2
DA:164,2
DA:166,2
DA:173,10
LF:61
LH:52
BRDA:13,0,0,0
BRDA:13,0,1,1
BRDA:34,1,0,0
BRDA:34,1,1,1
BRDA:37,2,0,0
BRDA:37,2,1,1
BRDA:52,3,0,0
BRDA:52,3,1,28
BRDA:55,4,0,2
BRDA:55,4,1,26
BRDA:79,5,0,0
BRDA:79,5,1,27
BRDA:88,6,0,27
BRDA:88,6,1,0
BRDA:110,7,0,0
BRDA:110,7,1,3
BRDA:124,8,0,0
BRDA:124,8,1,1
BRDA:160,9,0,0
BRDA:160,9,1,2
BRF:20
BRH:11
end_of_record
TN:
SF:classes/DAOs/TestDescriptorDAO.js
FN:5,(anonymous_0)
FN:9,(anonymous_1)
FN:10,(anonymous_2)
FN:13,(anonymous_3)
FN:27,(anonymous_4)
FN:28,(anonymous_5)
FN:30,(anonymous_6)
FN:35,(anonymous_7)
FN:49,(anonymous_8)
FN:50,(anonymous_9)
FN:52,(anonymous_10)
FN:73,(anonymous_11)
FN:74,(anonymous_12)
FN:76,(anonymous_13)
FN:86,(anonymous_14)
FN:88,(anonymous_15)
FN:92,(anonymous_16)
FN:103,(anonymous_17)
FN:104,(anonymous_18)
FN:112,(anonymous_19)
FN:123,(anonymous_20)
FN:124,(anonymous_21)
FN:126,(anonymous_22)
FNF:23
FNH:23
FNDA:56,(anonymous_0)
FNDA:16,(anonymous_1)
FNDA:16,(anonymous_2)
FNDA:16,(anonymous_3)
FNDA:2,(anonymous_4)
FNDA:2,(anonymous_5)
FNDA:2,(anonymous_6)
FNDA:2,(anonymous_7)
FNDA:2,(anonymous_8)
FNDA:2,(anonymous_9)
FNDA:2,(anonymous_10)
FNDA:4,(anonymous_11)
FNDA:4,(anonymous_12)
FNDA:4,(anonymous_13)
FNDA:15,(anonymous_14)
FNDA:15,(anonymous_15)
FNDA:15,(anonymous_16)
FNDA:1,(anonymous_17)
FNDA:1,(anonymous_18)
FNDA:1,(anonymous_19)
FNDA:1,(anonymous_20)
FNDA:1,(anonymous_21)
FNDA:1,(anonymous_22)
DA:1,10
DA:2,10
DA:6,56
DA:10,16
DA:12,16
DA:13,16
DA:14,16
DA:15,0
DA:17,16
DA:18,0
DA:20,16
DA:28,2
DA:29,2
DA:30,2
DA:31,2
DA:32,0
DA:34,2
DA:36,2
DA:43,2
DA:50,2
DA:51,2
DA:52,2
DA:53,2
DA:54,0
DA:56,2
DA:57,1
DA:59,1
DA:74,4
DA:75,4
DA:76,4
DA:77,4
DA:78,0
DA:80,4
DA:88,15
DA:90,15
DA:92,15
DA:93,15
DA:94,0
DA:96,15
DA:104,1
DA:106,1
DA:109,1
DA:113,1
DA:114,0
DA:116,1
DA:124,1
DA:125,1
DA:126,1
DA:127,1
DA:128,0
DA:130,1
DA:137,10
LF:52
LH:44
BRDA:14,0,0,0
BRDA:14,0,1,16
BRDA:17,1,0,0
BRDA:17,1,1,16
BRDA:31,2,0,0
BRDA:31,2,1,2
BRDA:53,3,0,0
BRDA:53,3,1,2
BRDA:56,4,0,1
BRDA:56,4,1,1
BRDA:77,5,0,0
BRDA:77,5,1,4
BRDA:93,6,0,0
BRDA:93,6,1,15
BRDA:113,7,0,0
BRDA:113,7,1,1
BRDA:127,8,0,0
BRDA:127,8,1,1
BRF:18
BRH:10
end_of_record
TN:
SF:classes/DAOs/TestResultDAO.js
FN:5,(anonymous_0)
FN:9,(anonymous_1)
FN:10,(anonymous_2)
FN:16,(anonymous_3)
FN:24,(anonymous_4)
FN:39,(anonymous_5)
FN:40,(anonymous_6)
FN:45,(anonymous_7)
FN:65,(anonymous_8)
FN:66,(anonymous_9)
FN:70,(anonymous_10)
FN:80,(anonymous_11)
FN:81,(anonymous_12)
FN:84,(anonymous_13)
FN:94,(anonymous_14)
FN:95,(anonymous_15)
FN:102,(anonymous_16)
FN:112,(anonymous_17)
FN:113,(anonymous_18)
FN:115,(anonymous_19)
FN:125,(anonymous_20)
FN:126,(anonymous_21)
FN:129,(anonymous_22)
FNF:23
FNH:23
FNDA:56,(anonymous_0)
FNDA:5,(anonymous_1)
FNDA:5,(anonymous_2)
FNDA:5,(anonymous_3)
FNDA:8,(anonymous_4)
FNDA:4,(anonymous_5)
FNDA:4,(anonymous_6)
FNDA:4,(anonymous_7)
FNDA:15,(anonymous_8)
FNDA:15,(anonymous_9)
FNDA:15,(anonymous_10)
FNDA:15,(anonymous_11)
FNDA:15,(anonymous_12)
FNDA:15,(anonymous_13)
FNDA:1,(anonymous_14)
FNDA:1,(anonymous_15)
FNDA:1,(anonymous_16)
FNDA:1,(anonymous_17)
FNDA:1,(anonymous_18)
FNDA:1,(anonymous_19)
FNDA:1,(anonymous_20)
FNDA:1,(anonymous_21)
FNDA:1,(anonymous_22)
DA:1,10
DA:2,10
DA:6,56
DA:10,5
DA:12,5
DA:16,5
DA:17,5
DA:18,0
DA:20,5
DA:21,0
DA:23,5
DA:25,8
DA:32,5
DA:40,4
DA:42,4
DA:45,4
DA:46,4
DA:47,0
DA:49,4
DA:50,0
DA:52,4
DA:58,4
DA:66,15
DA:69,15
DA:70,15
DA:71,15
DA:72,0
DA:74,15
DA:81,15
DA:83,15
DA:84,15
DA:85,15
DA:86,0
DA:88,15
DA:95,1
DA:97,1
DA:102,1
DA:103,1
DA:104,0
DA:106,1
DA:113,1
DA:114,1
DA:115,1
DA:116,1
DA:117,0
DA:119,1
DA:126,1
DA:128,1
DA:129,1
DA:130,1
DA:131,0
DA:133,1
DA:140,10
LF:53
LH:44
BRDA:17,0,0,0
BRDA:17,0,1,5
BRDA:20,1,0,0
BRDA:20,1,1,5
BRDA:27,2,0,4
BRDA:27,2,1,4
BRDA:46,3,0,0
BRDA:46,3,1,4
BRDA:49,4,0,0
BRDA:49,4,1,4
BRDA:54,5,0,3
BRDA:54,5,1,1
BRDA:71,6,0,0
BRDA:71,6,1,15
BRDA:85,7,0,0
BRDA:85,7,1,15
BRDA:103,8,0,0
BRDA:103,8,1,1
BRDA:116,9,0,0
BRDA:116,9,1,1
BRDA:130,10,0,0
BRDA:130,10,1,1
BRF:22
BRH:13
end_of_record
TN:
SF:classes/DAOs/UserDAO.js
FN:5,(anonymous_0)
FN:9,(anonymous_1)
FN:10,(anonymous_2)
FN:12,(anonymous_3)
FN:16,(anonymous_4)
FN:32,(anonymous_5)
FN:33,(anonymous_6)
FN:35,(anonymous_7)
FN:58,(anonymous_8)
FN:59,(anonymous_9)
FN:71,(anonymous_10)
FN:82,(anonymous_11)
FN:83,(anonymous_12)
FN:85,(anonymous_13)
FN:89,(anonymous_14)
FN:100,(anonymous_15)
FN:114,(anonymous_16)
FN:115,(anonymous_17)
FN:118,(anonymous_18)
FN:128,(anonymous_19)
FN:129,(anonymous_20)
FN:131,(anonymous_21)
FNF:22
FNH:22
FNDA:56,(anonymous_0)
FNDA:1,(anonymous_1)
FNDA:1,(anonymous_2)
FNDA:1,(anonymous_3)
FNDA:1,(anonymous_4)
FNDA:30,(anonymous_5)
FNDA:30,(anonymous_6)
FNDA:30,(anonymous_7)
FNDA:23,(anonymous_8)
FNDA:23,(anonymous_9)
FNDA:23,(anonymous_10)
FNDA:1,(anonymous_11)
FNDA:1,(anonymous_12)
FNDA:1,(anonymous_13)
FNDA:2,(anonymous_14)
FNDA:2,(anonymous_15)
FNDA:1,(anonymous_16)
FNDA:1,(anonymous_17)
FNDA:1,(anonymous_18)
FNDA:1,(anonymous_19)
FNDA:1,(anonymous_20)
FNDA:1,(anonymous_21)
DA:1,10
DA:2,10
DA:6,56
DA:10,1
DA:11,1
DA:12,1
DA:13,1
DA:14,0
DA:16,1
DA:17,1
DA:26,1
DA:33,30
DA:34,30
DA:35,30
DA:36,30
DA:37,0
DA:39,30
DA:40,26
DA:42,4
DA:59,23
DA:61,23
DA:62,23
DA:72,23
DA:73,0
DA:75,23
DA:83,1
DA:84,1
DA:85,1
DA:86,1
DA:87,0
DA:89,1
DA:90,2
DA:99,1
DA:101,2
DA:115,1
DA:117,1
DA:118,1
DA:119,1
DA:120,0
DA:122,1
DA:129,1
DA:130,1
DA:131,1
DA:132,1
DA:133,0
DA:135,1
DA:142,10
LF:47
LH:41
BRDA:13,0,0,0
BRDA:13,0,1,1
BRDA:36,1,0,0
BRDA:36,1,1,30
BRDA:39,2,0,26
BRDA:39,2,1,4
BRDA:72,3,0,0
BRDA:72,3,1,23
BRDA:86,4,0,0
BRDA:86,4,1,1
BRDA:119,5,0,0
BRDA:119,5,1,1
BRDA:132,6,0,0
BRDA:132,6,1,1
BRF:14
BRH:8
end_of_record
TN:
SF:test_modules/init_test_module.js
FN:6,(anonymous_0)
FN:7,(anonymous_1)
FN:8,(anonymous_2)
FN:18,(anonymous_3)
FN:24,(anonymous_4)
FNF:5
FNH:5
FNDA:2240,(anonymous_0)
FNDA:2240,(anonymous_1)
FNDA:2240,(anonymous_2)
FNDA:56,(anonymous_3)
FNDA:56,(anonymous_4)
DA:1,10
DA:2,10
DA:3,10
DA:4,10
DA:6,10
DA:7,2240
DA:8,2240
DA:9,2240
DA:10,0
DA:12,2240
DA:18,10
DA:19,56
DA:24,56
DA:25,56
DA:28,56
DA:29,2240
DA:32,56
DA:35,10
LF:18
LH:17
BRDA:9,0,0,0
BRDA:9,0,1,2240
BRDA:25,1,0,0
BRDA:25,1,1,56
BRF:4
BRH:2
end_of_record
